<?xml version="1.0" encoding="UTF-8"?>
<testsuite name="com.hdfc.eventpublisher.EventPublisherTests" tests="4" skipped="0" failures="0" errors="0" timestamp="2023-05-05T08:38:21" hostname="DESKTOP-SQS9A74" time="0.813">
  <properties/>
  <testcase name="event_publisher_is_not_null()" classname="com.hdfc.eventpublisher.EventPublisherTests" time="0.155"/>
  <testcase name="should_send_and_receive_a_message_enum_topic()" classname="com.hdfc.eventpublisher.EventPublisherTests" time="0.604"/>
  <testcase name="should_send_and_receive_a_message()" classname="com.hdfc.eventpublisher.EventPublisherTests" time="0.015"/>
  <testcase name="should_handle_kafka_exception()" classname="com.hdfc.eventpublisher.EventPublisherTests" time="0.029"/>
  <system-out><![CDATA[]]></system-out>
  <system-err><![CDATA[SLF4J: Class path contains multiple SLF4J bindings.
SLF4J: Found binding in [jar:file:/C:/Users/allav/.gradle/caches/modules-2/files-2.1/org.slf4j/slf4j-simple/1.7.35/af702fa1d9dc38844ef6a2d9482978f09ac9a1f9/slf4j-simple-1.7.35.jar!/org/slf4j/impl/StaticLoggerBinder.class]
SLF4J: Found binding in [jar:file:/C:/Users/allav/.gradle/caches/modules-2/files-2.1/ch.qos.logback/logback-classic/1.2.11/4741689214e9d1e8408b206506cbe76d1c6a7d60/logback-classic-1.2.11.jar!/org/slf4j/impl/StaticLoggerBinder.class]
SLF4J: See http://www.slf4j.org/codes.html#multiple_bindings for an explanation.
SLF4J: Actual binding is of type [org.slf4j.impl.SimpleLoggerFactory]
[Test worker] INFO org.springframework.test.context.support.DefaultTestContextBootstrapper - Loaded default TestExecutionListener class names from location [META-INF/spring.factories]: [org.springframework.boot.test.autoconfigure.restdocs.RestDocsTestExecutionListener, org.springframework.boot.test.autoconfigure.web.client.MockRestServiceServerResetTestExecutionListener, org.springframework.boot.test.autoconfigure.web.servlet.MockMvcPrintOnlyOnFailureTestExecutionListener, org.springframework.boot.test.autoconfigure.web.servlet.WebDriverTestExecutionListener, org.springframework.boot.test.autoconfigure.webservices.client.MockWebServiceServerTestExecutionListener, org.springframework.boot.test.mock.mockito.MockitoTestExecutionListener, org.springframework.boot.test.mock.mockito.ResetMocksTestExecutionListener, org.springframework.test.context.web.ServletTestExecutionListener, org.springframework.test.context.support.DirtiesContextBeforeModesTestExecutionListener, org.springframework.test.context.event.ApplicationEventsTestExecutionListener, org.springframework.test.context.support.DependencyInjectionTestExecutionListener, org.springframework.test.context.support.DirtiesContextTestExecutionListener, org.springframework.test.context.transaction.TransactionalTestExecutionListener, org.springframework.test.context.jdbc.SqlScriptsTestExecutionListener, org.springframework.test.context.event.EventPublishingTestExecutionListener]
[Test worker] INFO org.springframework.test.context.support.DefaultTestContextBootstrapper - Using TestExecutionListeners: [org.springframework.test.context.support.DirtiesContextBeforeModesTestExecutionListener@3ce53f6a, org.springframework.test.context.event.ApplicationEventsTestExecutionListener@2d82408, org.springframework.boot.test.mock.mockito.MockitoTestExecutionListener@3ee69ad8, org.springframework.test.context.support.DependencyInjectionTestExecutionListener@f679798, org.springframework.test.context.support.DirtiesContextTestExecutionListener@1a6cf771, org.springframework.test.context.transaction.TransactionalTestExecutionListener@59d77850, org.springframework.test.context.jdbc.SqlScriptsTestExecutionListener@53ed09e8, org.springframework.test.context.event.EventPublishingTestExecutionListener@60859f5a, org.springframework.boot.test.autoconfigure.restdocs.RestDocsTestExecutionListener@1daf3b44, org.springframework.boot.test.autoconfigure.web.client.MockRestServiceServerResetTestExecutionListener@7fd8c559, org.springframework.boot.test.autoconfigure.web.servlet.MockMvcPrintOnlyOnFailureTestExecutionListener@44c13103, org.springframework.boot.test.autoconfigure.web.servlet.WebDriverTestExecutionListener@8f2098e, org.springframework.boot.test.autoconfigure.webservices.client.MockWebServiceServerTestExecutionListener@6c6366cf, org.springframework.boot.test.mock.mockito.ResetMocksTestExecutionListener@55a88417]
[Test worker] INFO kafka.utils.Log4jControllerRegistration$ - Registered kafka:type=kafka.Log4jController MBean
[Test worker] INFO org.apache.zookeeper.server.ZooKeeperServer - 
[Test worker] INFO org.apache.zookeeper.server.ZooKeeperServer -   ______                  _                                          
[Test worker] INFO org.apache.zookeeper.server.ZooKeeperServer -  |___  /                 | |                                         
[Test worker] INFO org.apache.zookeeper.server.ZooKeeperServer -     / /    ___     ___   | | __   ___    ___   _ __     ___   _ __   
[Test worker] INFO org.apache.zookeeper.server.ZooKeeperServer -    / /    / _ \   / _ \  | |/ /  / _ \  / _ \ | '_ \   / _ \ | '__|
[Test worker] INFO org.apache.zookeeper.server.ZooKeeperServer -   / /__  | (_) | | (_) | |   <  |  __/ |  __/ | |_) | |  __/ | |    
[Test worker] INFO org.apache.zookeeper.server.ZooKeeperServer -  /_____|  \___/   \___/  |_|\_\  \___|  \___| | .__/   \___| |_|
[Test worker] INFO org.apache.zookeeper.server.ZooKeeperServer -                                               | |                     
[Test worker] INFO org.apache.zookeeper.server.ZooKeeperServer -                                               |_|                     
[Test worker] INFO org.apache.zookeeper.server.ZooKeeperServer - 
[Test worker] INFO org.apache.zookeeper.server.ZooKeeperServer - Server environment:zookeeper.version=3.6.3--6401e4ad2087061bc6b9f80dec2d69f2e3c8660a, built on 04/08/2021 16:35 GMT
[Test worker] INFO org.apache.zookeeper.server.ZooKeeperServer - Server environment:host.name=ip-192-168-1-42.ap-south-1.compute.internal
[Test worker] INFO org.apache.zookeeper.server.ZooKeeperServer - Server environment:java.version=17.0.7
[Test worker] INFO org.apache.zookeeper.server.ZooKeeperServer - Server environment:java.vendor=Microsoft
[Test worker] INFO org.apache.zookeeper.server.ZooKeeperServer - Server environment:java.home=C:\Program Files\Microsoft\jdk-17.0.7.7-hotspot
[Test worker] INFO org.apache.zookeeper.server.ZooKeeperServer - Server environment:java.class.path=C:\\Users\\allav\\.gradle\\caches\\7.3.2\\workerMain\\gradle-worker.jar;E:\\mybank\\shared\\event-publisher\\build\\classes\\java\\test;E:\\mybank\\shared\\event-publisher\\build\\resources\\test;E:\\mybank\\shared\\event-publisher\\build\\classes\\java\\main;E:\\mybank\\shared\\event-publisher\\build\\resources\\main;C:\\Users\\allav\\.gradle\\caches\\modules-2\\files-2.1\\com.fasterxml.jackson.datatype\\jackson-datatype-jsr310\\2.14.0\\171c5831341883b1cebbbf5aafba62c0fca33b95\\jackson-datatype-jsr310-2.14.0.jar;C:\\Users\\allav\\.gradle\\caches\\modules-2\\files-2.1\\org.springframework.kafka\\spring-kafka-test\\2.8.7\\32bc4c1071fc8bf649d06319afcd3c4d0058e517\\spring-kafka-test-2.8.7.jar;C:\\Users\\allav\\.gradle\\caches\\modules-2\\files-2.1\\org.apache.kafka\\kafka_2.13\\3.0.1\\cf82031f069c6b830cf7a5853c82caa0e6342100\\kafka_2.13-3.0.1.jar;C:\\Users\\allav\\.gradle\\caches\\modules-2\\files-2.1\\org.apache.kafka\\kafka_2.13\\3.0.1\\286f7a6bd9dfeffcb4eb37877a449f44da4f780d\\kafka_2.13-3.0.1-test.jar;C:\\Users\\allav\\.gradle\\caches\\modules-2\\files-2.1\\org.apache.kafka\\kafka-metadata\\3.0.1\\5e7fbd57be3c4a99b4adf2a982dbacbc245a2c74\\kafka-metadata-3.0.1.jar;C:\\Users\\allav\\.gradle\\caches\\modules-2\\files-2.1\\org.apache.kafka\\kafka-raft\\3.0.1\\ed02ae7707a2679653183c4cfbb0e8e2583a4e02\\kafka-raft-3.0.1.jar;C:\\Users\\allav\\.gradle\\caches\\modules-2\\files-2.1\\org.apache.kafka\\kafka-streams-test-utils\\3.0.1\\50401fbf3b82961dee00e532495c5297dbedd125\\kafka-streams-test-utils-3.0.1.jar;C:\\Users\\allav\\.gradle\\caches\\modules-2\\files-2.1\\org.apache.kafka\\kafka-streams\\3.0.1\\7708316a4d66c02d5072100ccbc6fa7cb3a09602\\kafka-streams-3.0.1.jar;C:\\Users\\allav\\.gradle\\caches\\modules-2\\files-2.1\\org.apache.kafka\\kafka-storage\\3.0.1\\cb8fce9e5e5867bf28c94611d69202485b20eb6f\\kafka-storage-3.0.1.jar;C:\\Users\\allav\\.gradle\\caches\\modules-2\\files-2.1\\com.fasterxml.jackson.datatype\\jackson-datatype-jdk8\\2.14.0\\6b8da24a0da4266ed7ddea7ea46594fd50900323\\jackson-datatype-jdk8-2.14.0.jar;C:\\Users\\allav\\.gradle\\caches\\modules-2\\files-2.1\\com.fasterxml.jackson.module\\jackson-module-scala_2.13\\2.14.0\\8ee8f7495114169d9d5d78f53e9536e1cdd49ce5\\jackson-module-scala_2.13-2.14.0.jar;C:\\Users\\allav\\.gradle\\caches\\modules-2\\files-2.1\\com.fasterxml.jackson.dataformat\\jackson-dataformat-csv\\2.14.0\\4a78abddf1bacd65bad81bb5c1e8bed491af99c6\\jackson-dataformat-csv-2.14.0.jar;C:\\Users\\allav\\.gradle\\caches\\modules-2\\files-2.1\\com.fasterxml.jackson.core\\jackson-databind\\2.14.0\\513b8ca3fea0352ceebe4d0bbeea527ab343dc1a\\jackson-databind-2.14.0.jar;C:\\Users\\allav\\.gradle\\caches\\modules-2\\files-2.1\\com.fasterxml.jackson.core\\jackson-core\\2.14.0\\49d219171d6af643e061e9e1baaaf6a6a067918d\\jackson-core-2.14.0.jar;C:\\Users\\allav\\.gradle\\caches\\modules-2\\files-2.1\\com.fasterxml.jackson.core\\jackson-annotations\\2.14.0\\fb7afb3c9c8ea363a9c88ea9c0a7177cf2fbd369\\jackson-annotations-2.14.0.jar;C:\\Users\\allav\\.gradle\\caches\\modules-2\\files-2.1\\org.springframework.kafka\\spring-kafka\\2.8.7\\b767af6592e93e0b1a8e34a405f820c778dc7bcf\\spring-kafka-2.8.7.jar;C:\\Users\\allav\\.gradle\\caches\\modules-2\\files-2.1\\org.junit.platform\\junit-platform-engine\\1.8.2\\b737de09f19864bd136805c84df7999a142fec29\\junit-platform-engine-1.8.2.jar;C:\\Users\\allav\\.gradle\\caches\\modules-2\\files-2.1\\org.junit.platform\\junit-platform-commons\\1.8.2\\32c8b8617c1342376fd5af2053da6410d8866861\\junit-platform-commons-1.8.2.jar;C:\\Users\\allav\\.gradle\\caches\\modules-2\\files-2.1\\org.springframework.boot\\spring-boot-starter-test\\2.7.5\\f52fd19eda97bb76bb304f4734c3d654ecca0666\\spring-boot-starter-test-2.7.5.jar;C:\\Users\\allav\\.gradle\\caches\\modules-2\\files-2.1\\org.junit.jupiter\\junit-jupiter\\5.8.2\\5a817b1e63f1217e5c586090c45e681281f097ad\\junit-jupiter-5.8.2.jar;C:\\Users\\allav\\.gradle\\caches\\modules-2\\files-2.1\\org.junit.jupiter\\junit-jupiter-params\\5.8.2\\ddeafe92fc263f895bfb73ffeca7fd56e23c2cce\\junit-jupiter-params-5.8.2.jar;C:\\Users\\allav\\.gradle\\caches\\modules-2\\files-2.1\\org.junit.jupiter\\junit-jupiter-engine\\5.8.2\\c598b4328d2f397194d11df3b1648d68d7d990e3\\junit-jupiter-engine-5.8.2.jar;C:\\Users\\allav\\.gradle\\caches\\modules-2\\files-2.1\\org.mockito\\mockito-junit-jupiter\\4.5.1\\f81fb60bd69b3a6e5537ae23b883326f01632a61\\mockito-junit-jupiter-4.5.1.jar;C:\\Users\\allav\\.gradle\\caches\\modules-2\\files-2.1\\org.junit.jupiter\\junit-jupiter-api\\5.8.2\\4c21029217adf07e4c0d0c5e192b6bf610c94bdc\\junit-jupiter-api-5.8.2.jar;C:\\Users\\allav\\.gradle\\caches\\modules-2\\files-2.1\\org.assertj\\assertj-core\\3.22.0\\c300c0c6a24559f35fa0bd3a5472dc1edcd0111e\\assertj-core-3.22.0.jar;C:\\Users\\allav\\.gradle\\caches\\modules-2\\files-2.1\\org.slf4j\\slf4j-simple\\1.7.35\\af702fa1d9dc38844ef6a2d9482978f09ac9a1f9\\slf4j-simple-1.7.35.jar;C:\\Users\\allav\\.gradle\\caches\\modules-2\\files-2.1\\org.springframework.boot\\spring-boot-starter\\2.7.5\\c28e1546461803490588085345ba5d2897d232bc\\spring-boot-starter-2.7.5.jar;C:\\Users\\allav\\.gradle\\caches\\modules-2\\files-2.1\\org.springframework.boot\\spring-boot-test-autoconfigure\\2.7.5\\b01668d3ed2d5d9e56072108f04030cd2caceb0e\\spring-boot-test-autoconfigure-2.7.5.jar;C:\\Users\\allav\\.gradle\\caches\\modules-2\\files-2.1\\org.springframework.boot\\spring-boot-test\\2.7.5\\2db591bb7568aa41795d595cabf99ef837b860c0\\spring-boot-test-2.7.5.jar;C:\\Users\\allav\\.gradle\\caches\\modules-2\\files-2.1\\org.springframework.boot\\spring-boot-autoconfigure\\2.7.5\\96646e63a2296d0a3209383e81cdb8c87ab2f913\\spring-boot-autoconfigure-2.7.5.jar;C:\\Users\\allav\\.gradle\\caches\\modules-2\\files-2.1\\org.springframework.boot\\spring-boot\\2.7.5\\fd04e228e6e21b7ad13c10ae29afd31868d842e5\\spring-boot-2.7.5.jar;C:\\Users\\allav\\.gradle\\caches\\modules-2\\files-2.1\\org.springframework\\spring-context\\5.3.23\\530b36b2ce2c9e471c6a260c3f181bcd20325a58\\spring-context-5.3.23.jar;C:\\Users\\allav\\.gradle\\caches\\modules-2\\files-2.1\\org.springframework\\spring-aop\\5.3.23\\30d0034ba29178e98781d85f51a7eb709a628e9b\\spring-aop-5.3.23.jar;C:\\Users\\allav\\.gradle\\caches\\modules-2\\files-2.1\\org.springframework\\spring-messaging\\5.3.21\\2012d940f72c8d3ccb97e8bc99e642f522659374\\spring-messaging-5.3.21.jar;C:\\Users\\allav\\.gradle\\caches\\modules-2\\files-2.1\\org.springframework\\spring-tx\\5.3.21\\13f4f564024d2f85502c151942307c3ca851a4f7\\spring-tx-5.3.21.jar;C:\\Users\\allav\\.gradle\\caches\\modules-2\\files-2.1\\org.springframework\\spring-beans\\5.3.23\\3bdefbf6042ed742cbe16f27d2d14cca9096a606\\spring-beans-5.3.23.jar;C:\\Users\\allav\\.gradle\\caches\\modules-2\\files-2.1\\org.springframework\\spring-test\\5.3.23\\d8ef0b0c1a26cf5a62b4e1204717ce6c682e2641\\spring-test-5.3.23.jar;C:\\Users\\allav\\.gradle\\caches\\modules-2\\files-2.1\\org.springframework\\spring-expression\\5.3.23\\3a676bf4b9bc42bd37ab5ad264acb6ceb63397a2\\spring-expression-5.3.23.jar;C:\\Users\\allav\\.gradle\\caches\\modules-2\\files-2.1\\org.springframework\\spring-core\\5.3.23\\91407dc1106ea423c44150f3da1a0b4f8e25e5ca\\spring-core-5.3.23.jar;C:\\Users\\allav\\.gradle\\caches\\modules-2\\files-2.1\\org.springframework\\spring-jcl\\5.3.23\\3c7eb5fcca67b611065f73ff4325e398f8b051a3\\spring-jcl-5.3.23.jar;C:\\Users\\allav\\.gradle\\caches\\modules-2\\files-2.1\\org.springframework.retry\\spring-retry\\1.3.3\\13a6f4edb1f5a8956ec6aa867757e325bc98eee7\\spring-retry-1.3.3.jar;C:\\Users\\allav\\.gradle\\caches\\modules-2\\files-2.1\\org.apache.kafka\\kafka-server-common\\3.0.1\\3d19fc94a22425f84f32d3bd6beb6654517e4c71\\kafka-server-common-3.0.1.jar;C:\\Users\\allav\\.gradle\\caches\\modules-2\\files-2.1\\org.apache.kafka\\kafka-storage-api\\3.0.1\\c9f22ad76b145888b3f4b8bcdefa670ba80084b9\\kafka-storage-api-3.0.1.jar;C:\\Users\\allav\\.gradle\\caches\\modules-2\\files-2.1\\org.apache.kafka\\kafka-clients\\3.0.1\\8f931e45e96e952728d540829e5bde9d79fab172\\kafka-clients-3.0.1.jar;C:\\Users\\allav\\.gradle\\caches\\modules-2\\files-2.1\\org.apache.kafka\\kafka-clients\\3.0.1\\da500d6dfd3447f56df88dad8ab7ba801150fa4c\\kafka-clients-3.0.1-test.jar;C:\\Users\\allav\\.gradle\\caches\\modules-2\\files-2.1\\com.google.code.findbugs\\jsr305\\3.0.2\\25ea2e8b0c338a877313bd4672d3fe056ea78f0d\\jsr305-3.0.2.jar;C:\\Users\\allav\\.gradle\\caches\\modules-2\\files-2.1\\org.opentest4j\\opentest4j\\1.2.0\\28c11eb91f9b6d8e200631d46e20a7f407f2a046\\opentest4j-1.2.0.jar;C:\\Users\\allav\\.gradle\\caches\\modules-2\\files-2.1\\org.apache.zookeeper\\zookeeper\\3.6.3\\a6e74f826db85ff8c51c15ef0fa2ea0b462aef25\\zookeeper-3.6.3.jar;C:\\Users\\allav\\.gradle\\caches\\modules-2\\files-2.1\\com.jayway.jsonpath\\json-path\\2.7.0\\f9d7d9659f2694e61142046ff8a216c047f263e8\\json-path-2.7.0.jar;C:\\Users\\allav\\.gradle\\caches\\modules-2\\files-2.1\\com.yammer.metrics\\metrics-core\\2.2.0\\f82c035cfa786d3cbec362c38c22a5f5b1bc8724\\metrics-core-2.2.0.jar;C:\\Users\\allav\\.gradle\\caches\\modules-2\\files-2.1\\com.typesafe.scala-logging\\scala-logging_2.13\\3.9.3\\d97c3bcdcf6179e110af8ad2a64ca276843395c1\\scala-logging_2.13-3.9.3.jar;C:\\Users\\allav\\.gradle\\caches\\modules-2\\files-2.1\\io.dropwizard.metrics\\metrics-core\\4.1.12.1\\cb2f351bf4463751201f43bb99865235d5ba07ca\\metrics-core-4.1.12.1.jar;C:\\Users\\allav\\.gradle\\caches\\modules-2\\files-2.1\\org.springframework.boot\\spring-boot-starter-logging\\2.7.5\\61f4c53e35baa31a269bbeb7bb9d5e781448feef\\spring-boot-starter-logging-2.7.5.jar;C:\\Users\\allav\\.gradle\\caches\\modules-2\\files-2.1\\ch.qos.logback\\logback-classic\\1.2.11\\4741689214e9d1e8408b206506cbe76d1c6a7d60\\logback-classic-1.2.11.jar;C:\\Users\\allav\\.gradle\\caches\\modules-2\\files-2.1\\org.apache.logging.log4j\\log4j-to-slf4j\\2.17.2\\17dd0fae2747d9a28c67bc9534108823d2376b46\\log4j-to-slf4j-2.17.2.jar;C:\\Users\\allav\\.gradle\\caches\\modules-2\\files-2.1\\org.slf4j\\jul-to-slf4j\\1.7.36\\ed46d81cef9c412a88caef405b58f93a678ff2ca\\jul-to-slf4j-1.7.36.jar;C:\\Users\\allav\\.gradle\\caches\\modules-2\\files-2.1\\org.slf4j\\slf4j-api\\1.7.36\\6c62681a2f655b49963a5983b8b0950a6120ae14\\slf4j-api-1.7.36.jar;C:\\Users\\allav\\.gradle\\caches\\modules-2\\files-2.1\\jakarta.xml.bind\\jakarta.xml.bind-api\\2.3.3\\48e3b9cfc10752fba3521d6511f4165bea951801\\jakarta.xml.bind-api-2.3.3.jar;C:\\Users\\allav\\.gradle\\caches\\modules-2\\files-2.1\\org.hamcrest\\hamcrest\\2.2\\1820c0968dba3a11a1b30669bb1f01978a91dedc\\hamcrest-2.2.jar;C:\\Users\\allav\\.gradle\\caches\\modules-2\\files-2.1\\org.mockito\\mockito-core\\4.5.1\\ed456e623e5afc6f4cee3ae58144e5c45f3b3bf\\mockito-core-4.5.1.jar;C:\\Users\\allav\\.gradle\\caches\\modules-2\\files-2.1\\org.skyscreamer\\jsonassert\\1.5.1\\6d842d0faf4cf6725c509a5e5347d319ee0431c3\\jsonassert-1.5.1.jar;C:\\Users\\allav\\.gradle\\caches\\modules-2\\files-2.1\\org.xmlunit\\xmlunit-core\\2.9.0\\8959725d90eecfee28acd7110e2bb8460285d876\\xmlunit-core-2.9.0.jar;C:\\Users\\allav\\.gradle\\caches\\modules-2\\files-2.1\\com.github.luben\\zstd-jni\\1.5.0-2\\52fc9e353b4e84f8a87ebc9c5c59e58c91d5d23d\\zstd-jni-1.5.0-2.jar;C:\\Users\\allav\\.gradle\\caches\\modules-2\\files-2.1\\org.lz4\\lz4-java\\1.7.1\\c4d931ef8ad2c9c35d65b231a33e61428472d0da\\lz4-java-1.7.1.jar;C:\\Users\\allav\\.gradle\\caches\\modules-2\\files-2.1\\org.xerial.snappy\\snappy-java\\1.1.8.1\\d30aaf4d41d6ff0c760c8931d3b8dafc0293c91a\\snappy-java-1.1.8.1.jar;C:\\Users\\allav\\.gradle\\caches\\modules-2\\files-2.1\\org.apache.zookeeper\\zookeeper-jute\\3.6.3\\8990d19ec3db01f45f82d4011a11b085db66de05\\zookeeper-jute-3.6.3.jar;C:\\Users\\allav\\.gradle\\caches\\modules-2\\files-2.1\\org.apache.yetus\\audience-annotations\\0.5.0\\55762d3191a8d6610ef46d11e8cb70c7667342a3\\audience-annotations-0.5.0.jar;C:\\Users\\allav\\.gradle\\caches\\modules-2\\files-2.1\\io.netty\\netty-handler\\4.1.63.Final\\879a43c2325b08e92e8967218b6ddb0ed4b7a0d3\\netty-handler-4.1.63.Final.jar;C:\\Users\\allav\\.gradle\\caches\\modules-2\\files-2.1\\io.netty\\netty-transport-native-epoll\\4.1.63.Final\\65bdb6c40a76ef9c4269518614a1c4ef51051484\\netty-transport-native-epoll-4.1.63.Final.jar;C:\\Users\\allav\\.gradle\\caches\\modules-2\\files-2.1\\net.sourceforge.argparse4j\\argparse4j\\0.7.0\\6f0621d0c3888de39e0f06d01f37ba53a798e657\\argparse4j-0.7.0.jar;C:\\Users\\allav\\.gradle\\caches\\modules-2\\files-2.1\\net.sf.jopt-simple\\jopt-simple\\5.0.4\\4fdac2fbe92dfad86aa6e9301736f6b4342a3f5c\\jopt-simple-5.0.4.jar;C:\\Users\\allav\\.gradle\\caches\\modules-2\\files-2.1\\org.scala-lang.modules\\scala-collection-compat_2.13\\2.4.4\\9cb262981ba1fac1f25c0e7e2b285d536ec8923b\\scala-collection-compat_2.13-2.4.4.jar;C:\\Users\\allav\\.gradle\\caches\\modules-2\\files-2.1\\org.scala-lang.modules\\scala-java8-compat_2.13\\1.0.0\\8ffac68615b438933fe27506e755d790a68b8bab\\scala-java8-compat_2.13-1.0.0.jar;C:\\Users\\allav\\.gradle\\caches\\modules-2\\files-2.1\\org.scala-lang\\scala-reflect\\2.13.6\\bb523e56c63746a5752dece28fcd702c54fd3a11\\scala-reflect-2.13.6.jar;C:\\Users\\allav\\.gradle\\caches\\modules-2\\files-2.1\\commons-cli\\commons-cli\\1.4\\c51c00206bb913cd8612b24abd9fa98ae89719b1\\commons-cli-1.4.jar;C:\\Users\\allav\\.gradle\\caches\\modules-2\\files-2.1\\org.scala-lang\\scala-library\\2.13.10\\67c1afabaea9ba51321159e70a78515647e1b73d\\scala-library-2.13.10.jar;C:\\Users\\allav\\.gradle\\caches\\modules-2\\files-2.1\\jakarta.annotation\\jakarta.annotation-api\\1.3.5\\59eb84ee0d616332ff44aba065f3888cf002cd2d\\jakarta.annotation-api-1.3.5.jar;C:\\Users\\allav\\.gradle\\caches\\modules-2\\files-2.1\\org.yaml\\snakeyaml\\1.30\\8fde7fe2586328ac3c68db92045e1c8759125000\\snakeyaml-1.30.jar;C:\\Users\\allav\\.gradle\\caches\\modules-2\\files-2.1\\net.minidev\\json-smart\\2.4.7\\8d7f4c1530c07c54930935f3da85f48b83b3c109\\json-smart-2.4.7.jar;C:\\Users\\allav\\.gradle\\caches\\modules-2\\files-2.1\\jakarta.activation\\jakarta.activation-api\\1.2.2\\99f53adba383cb1bf7c3862844488574b559621f\\jakarta.activation-api-1.2.2.jar;C:\\Users\\allav\\.gradle\\caches\\modules-2\\files-2.1\\net.bytebuddy\\byte-buddy\\1.12.9\\424ded9ef3496b0d997ce066f2166a4f7ec7b07a\\byte-buddy-1.12.9.jar;C:\\Users\\allav\\.gradle\\caches\\modules-2\\files-2.1\\net.bytebuddy\\byte-buddy-agent\\1.12.9\\f58bf71d15e827fa47e9b37e63156b333e3389d3\\byte-buddy-agent-1.12.9.jar;C:\\Users\\allav\\.gradle\\caches\\modules-2\\files-2.1\\org.objenesis\\objenesis\\3.2\\7fadf57620c8b8abdf7519533e5527367cb51f09\\objenesis-3.2.jar;C:\\Users\\allav\\.gradle\\caches\\modules-2\\files-2.1\\com.vaadin.external.google\\android-json\\0.0.20131108.vaadin1\\fa26d351fe62a6a17f5cda1287c1c6110dec413f\\android-json-0.0.20131108.vaadin1.jar;C:\\Users\\allav\\.gradle\\caches\\modules-2\\files-2.1\\io.netty\\netty-codec\\4.1.63.Final\\d4d2fccea88c80e56d59ce1053c53df0f9f4f5db\\netty-codec-4.1.63.Final.jar;C:\\Users\\allav\\.gradle\\caches\\modules-2\\files-2.1\\io.netty\\netty-transport-native-unix-common\\4.1.63.Final\\85bd91382ec54b300ad3ff59efccbb4fccb22a88\\netty-transport-native-unix-common-4.1.63.Final.jar;C:\\Users\\allav\\.gradle\\caches\\modules-2\\files-2.1\\io.netty\\netty-transport\\4.1.63.Final\\9a8bbe1ba082c9434e6f524d3864a53f340f2df\\netty-transport-4.1.63.Final.jar;C:\\Users\\allav\\.gradle\\caches\\modules-2\\files-2.1\\io.netty\\netty-resolver\\4.1.63.Final\\d07cd47c101dfa655d6d5cc304d523742fd78ca8\\netty-resolver-4.1.63.Final.jar;C:\\Users\\allav\\.gradle\\caches\\modules-2\\files-2.1\\io.netty\\netty-buffer\\4.1.63.Final\\40028ce5ac7c43f1c9a1439f74637cad04013e23\\netty-buffer-4.1.63.Final.jar;C:\\Users\\allav\\.gradle\\caches\\modules-2\\files-2.1\\io.netty\\netty-common\\4.1.63.Final\\e1206b46384d4dcbecee2901f18ce65ecf02e8a4\\netty-common-4.1.63.Final.jar;C:\\Users\\allav\\.gradle\\caches\\modules-2\\files-2.1\\org.rocksdb\\rocksdbjni\\6.19.3\\54bb5df7d522a90b94f647b40d216e285f052a54\\rocksdbjni-6.19.3.jar;C:\\Users\\allav\\.gradle\\caches\\modules-2\\files-2.1\\net.minidev\\accessors-smart\\2.4.7\\3970cfc505e6657ca60f3aa57c849f6043000d7a\\accessors-smart-2.4.7.jar;C:\\Users\\allav\\.gradle\\caches\\modules-2\\files-2.1\\com.thoughtworks.paranamer\\paranamer\\2.8\\619eba74c19ccf1da8ebec97a2d7f8ba05773dd6\\paranamer-2.8.jar;C:\\Users\\allav\\.gradle\\caches\\modules-2\\files-2.1\\ch.qos.logback\\logback-core\\1.2.11\\a01230df5ca5c34540cdaa3ad5efb012f1f1f792\\logback-core-1.2.11.jar;C:\\Users\\allav\\.gradle\\caches\\modules-2\\files-2.1\\org.apache.logging.log4j\\log4j-api\\2.17.2\\f42d6afa111b4dec5d2aea0fe2197240749a4ea6\\log4j-api-2.17.2.jar;C:\\Users\\allav\\.gradle\\caches\\modules-2\\files-2.1\\org.ow2.asm\\asm\\9.1\\a99500cf6eea30535eeac6be73899d048f8d12a8\\asm-9.1.jar
[Test worker] INFO org.apache.zookeeper.server.ZooKeeperServer - Server environment:java.library.path=C:\Program Files\Microsoft\jdk-17.0.7.7-hotspot\bin;C:\WINDOWS\Sun\Java\bin;C:\WINDOWS\system32;C:\WINDOWS;C:\Program Files\Microsoft\jdk-17.0.7.7-hotspot\bin;C:\Program Files\Eclipse Adoptium\jdk-17.0.5.8-hotspot\bin;C:\Program Files\Eclipse Adoptium\jdk-11.0.14.101-hotspot\bin;C:\WINDOWS\system32;C:\WINDOWS;C:\WINDOWS\System32\Wbem;C:\WINDOWS\System32\WindowsPowerShell\v1.0\;C:\WINDOWS\System32\OpenSSH\;C:\Program Files\dotnet\;C:\Program Files\PuTTY\;C:\Program Files\Git\cmd;D:\Softwares;D:\Softwares\Scripts;C:\Users\allav\Downloads\gradle-7.5-bin\gradle-7.5\bin;C:\Users\allav\Downloads\apache-maven-3.8.6-bin\apache-maven-3.8.6\bin;C:\Program Files\Docker\Docker\resources\bin;C:\Users\allav\AppData\Local\Microsoft\WindowsApps;C:\Users\allav\AppData\Local\Pandoc\;D:\Softwares;D:\Softwares\Scripts;C:\Program Files\JetBrains\IntelliJ IDEA 2022.1.3\bin;;C:\Users\allav\Downloads\apache-maven-3.8.6-bin\apache-maven-3.8.6\bin;;.
[Test worker] INFO org.apache.zookeeper.server.ZooKeeperServer - Server environment:java.io.tmpdir=C:\Users\allav\AppData\Local\Temp\
[Test worker] INFO org.apache.zookeeper.server.ZooKeeperServer - Server environment:java.compiler=<NA>
[Test worker] INFO org.apache.zookeeper.server.ZooKeeperServer - Server environment:os.name=Windows 11
[Test worker] INFO org.apache.zookeeper.server.ZooKeeperServer - Server environment:os.arch=amd64
[Test worker] INFO org.apache.zookeeper.server.ZooKeeperServer - Server environment:os.version=10.0
[Test worker] INFO org.apache.zookeeper.server.ZooKeeperServer - Server environment:user.name=allav
[Test worker] INFO org.apache.zookeeper.server.ZooKeeperServer - Server environment:user.home=C:\Users\allav
[Test worker] INFO org.apache.zookeeper.server.ZooKeeperServer - Server environment:user.dir=E:\mybank\shared\event-publisher
[Test worker] INFO org.apache.zookeeper.server.ZooKeeperServer - Server environment:os.memory.free=91MB
[Test worker] INFO org.apache.zookeeper.server.ZooKeeperServer - Server environment:os.memory.max=512MB
[Test worker] INFO org.apache.zookeeper.server.ZooKeeperServer - Server environment:os.memory.total=124MB
[Test worker] INFO org.apache.zookeeper.server.ZooKeeperServer - zookeeper.enableEagerACLCheck = false
[Test worker] INFO org.apache.zookeeper.server.ZooKeeperServer - zookeeper.digest.enabled = true
[Test worker] INFO org.apache.zookeeper.server.ZooKeeperServer - zookeeper.closeSessionTxn.enabled = true
[Test worker] INFO org.apache.zookeeper.server.ZooKeeperServer - zookeeper.flushDelay=0
[Test worker] INFO org.apache.zookeeper.server.ZooKeeperServer - zookeeper.maxWriteQueuePollTime=0
[Test worker] INFO org.apache.zookeeper.server.ZooKeeperServer - zookeeper.maxBatchSize=1000
[Test worker] INFO org.apache.zookeeper.server.ZooKeeperServer - zookeeper.intBufferStartingSizeBytes = 1024
[Test worker] INFO org.apache.zookeeper.server.persistence.FileTxnSnapLog - zookeeper.snapshot.trust.empty : false
[Test worker] INFO org.apache.zookeeper.server.watch.WatchManagerFactory - Using org.apache.zookeeper.server.watch.WatchManager as watch manager
[Test worker] INFO org.apache.zookeeper.server.watch.WatchManagerFactory - Using org.apache.zookeeper.server.watch.WatchManager as watch manager
[Test worker] INFO org.apache.zookeeper.server.ZKDatabase - zookeeper.snapshotSizeFactor = 0.33
[Test worker] INFO org.apache.zookeeper.server.ZKDatabase - zookeeper.commitLogCount=500
[Test worker] INFO org.apache.zookeeper.server.BlueThrottle - Weighed connection throttling is disabled
[Test worker] INFO org.apache.zookeeper.server.ZooKeeperServer - minSessionTimeout set to 1600
[Test worker] INFO org.apache.zookeeper.server.ZooKeeperServer - maxSessionTimeout set to 16000
[Test worker] INFO org.apache.zookeeper.server.ResponseCache - Response cache size is initialized with value 400.
[Test worker] INFO org.apache.zookeeper.server.ResponseCache - Response cache size is initialized with value 400.
[Test worker] INFO org.apache.zookeeper.server.util.RequestPathMetricsCollector - zookeeper.pathStats.slotCapacity = 60
[Test worker] INFO org.apache.zookeeper.server.util.RequestPathMetricsCollector - zookeeper.pathStats.slotDuration = 15
[Test worker] INFO org.apache.zookeeper.server.util.RequestPathMetricsCollector - zookeeper.pathStats.maxDepth = 6
[Test worker] INFO org.apache.zookeeper.server.util.RequestPathMetricsCollector - zookeeper.pathStats.initialDelay = 5
[Test worker] INFO org.apache.zookeeper.server.util.RequestPathMetricsCollector - zookeeper.pathStats.delay = 5
[Test worker] INFO org.apache.zookeeper.server.util.RequestPathMetricsCollector - zookeeper.pathStats.enabled = false
[Test worker] INFO org.apache.zookeeper.server.ZooKeeperServer - The max bytes for all large requests are set to 104857600
[Test worker] INFO org.apache.zookeeper.server.ZooKeeperServer - The large request threshold is set to -1
[Test worker] INFO org.apache.zookeeper.server.ZooKeeperServer - Created server with tickTime 800 minSessionTimeout 1600 maxSessionTimeout 16000 clientPortListenBacklog -1 datadir C:\Users\allav\AppData\Local\Temp\kafka-16489033033948319041\version-2 snapdir C:\Users\allav\AppData\Local\Temp\kafka-12015258181585897037\version-2
[Test worker] WARN org.apache.zookeeper.server.ServerCnxnFactory - maxCnxns is not configured, using default value 0.
[Test worker] INFO org.apache.zookeeper.server.NIOServerCnxnFactory - Configuring NIO connection handler with 10s sessionless connection timeout, 2 selector thread(s), 16 worker threads, and 64 kB direct buffers.
[Test worker] INFO org.apache.zookeeper.server.NIOServerCnxnFactory - binding to port /127.0.0.1:0
[Test worker] INFO org.apache.zookeeper.server.persistence.SnapStream - zookeeper.snapshot.compression.method = CHECKED
[Test worker] INFO org.apache.zookeeper.server.persistence.FileTxnSnapLog - Snapshotting: 0x0 to C:\Users\allav\AppData\Local\Temp\kafka-12015258181585897037\version-2\snapshot.0
[Test worker] INFO org.apache.zookeeper.server.ZKDatabase - Snapshot loaded in 39 ms, highest zxid is 0x0, digest is 1371985504
[Test worker] INFO org.apache.zookeeper.server.persistence.FileTxnSnapLog - Snapshotting: 0x0 to C:\Users\allav\AppData\Local\Temp\kafka-12015258181585897037\version-2\snapshot.0
[Test worker] INFO org.apache.zookeeper.server.ZooKeeperServer - Snapshot taken in 1 ms
[Test worker] INFO org.apache.zookeeper.server.RequestThrottler - zookeeper.request_throttler.shutdownTimeout = 10000
[ProcessThread(sid:0 cport:61843):] INFO org.apache.zookeeper.server.PrepRequestProcessor - PrepRequestProcessor (sid:0) started, reconfigEnabled=false
[Test worker] INFO kafka.server.KafkaConfig - KafkaConfig values: 
	advertised.listeners = null
	alter.config.policy.class.name = null
	alter.log.dirs.replication.quota.window.num = 11
	alter.log.dirs.replication.quota.window.size.seconds = 1
	authorizer.class.name = 
	auto.create.topics.enable = true
	auto.leader.rebalance.enable = true
	background.threads = 10
	broker.heartbeat.interval.ms = 2000
	broker.id = 0
	broker.id.generation.enable = true
	broker.rack = null
	broker.session.timeout.ms = 9000
	client.quota.callback.class = null
	compression.type = producer
	connection.failed.authentication.delay.ms = 100
	connections.max.idle.ms = 600000
	connections.max.reauth.ms = 0
	control.plane.listener.name = null
	controlled.shutdown.enable = false
	controlled.shutdown.max.retries = 3
	controlled.shutdown.retry.backoff.ms = 100
	controller.listener.names = null
	controller.quorum.append.linger.ms = 25
	controller.quorum.election.backoff.max.ms = 1000
	controller.quorum.election.timeout.ms = 1000
	controller.quorum.fetch.timeout.ms = 2000
	controller.quorum.request.timeout.ms = 2000
	controller.quorum.retry.backoff.ms = 20
	controller.quorum.voters = []
	controller.quota.window.num = 11
	controller.quota.window.size.seconds = 1
	controller.socket.timeout.ms = 1000
	create.topic.policy.class.name = null
	default.replication.factor = 1
	delegation.token.expiry.check.interval.ms = 3600000
	delegation.token.expiry.time.ms = 86400000
	delegation.token.master.key = null
	delegation.token.max.lifetime.ms = 604800000
	delegation.token.secret.key = null
	delete.records.purgatory.purge.interval.requests = 1
	delete.topic.enable = true
	fetch.max.bytes = 57671680
	fetch.purgatory.purge.interval.requests = 1000
	group.initial.rebalance.delay.ms = 0
	group.max.session.timeout.ms = 1800000
	group.max.size = 2147483647
	group.min.session.timeout.ms = 6000
	initial.broker.registration.timeout.ms = 60000
	inter.broker.listener.name = null
	inter.broker.protocol.version = 3.0-IV1
	kafka.metrics.polling.interval.secs = 10
	kafka.metrics.reporters = []
	leader.imbalance.check.interval.seconds = 300
	leader.imbalance.per.broker.percentage = 10
	listener.security.protocol.map = PLAINTEXT:PLAINTEXT,SSL:SSL,SASL_PLAINTEXT:SASL_PLAINTEXT,SASL_SSL:SASL_SSL
	listeners = PLAINTEXT://localhost:19094
	log.cleaner.backoff.ms = 15000
	log.cleaner.dedupe.buffer.size = 2097152
	log.cleaner.delete.retention.ms = 86400000
	log.cleaner.enable = true
	log.cleaner.io.buffer.load.factor = 0.9
	log.cleaner.io.buffer.size = 524288
	log.cleaner.io.max.bytes.per.second = 1.7976931348623157E308
	log.cleaner.max.compaction.lag.ms = 9223372036854775807
	log.cleaner.min.cleanable.ratio = 0.5
	log.cleaner.min.compaction.lag.ms = 0
	log.cleaner.threads = 1
	log.cleanup.policy = [delete]
	log.dir = C:\Users\allav\AppData\Local\Temp\spring.kafka.95ba9a7e-5c26-4bd0-8c4b-85842570a90f15587715420851388223
	log.dirs = null
	log.flush.interval.messages = 9223372036854775807
	log.flush.interval.ms = null
	log.flush.offset.checkpoint.interval.ms = 60000
	log.flush.scheduler.interval.ms = 9223372036854775807
	log.flush.start.offset.checkpoint.interval.ms = 60000
	log.index.interval.bytes = 4096
	log.index.size.max.bytes = 10485760
	log.message.downconversion.enable = true
	log.message.format.version = 3.0-IV1
	log.message.timestamp.difference.max.ms = 9223372036854775807
	log.message.timestamp.type = CreateTime
	log.preallocate = false
	log.retention.bytes = -1
	log.retention.check.interval.ms = 300000
	log.retention.hours = 168
	log.retention.minutes = null
	log.retention.ms = null
	log.roll.hours = 168
	log.roll.jitter.hours = 0
	log.roll.jitter.ms = null
	log.roll.ms = null
	log.segment.bytes = 1073741824
	log.segment.delete.delay.ms = 1000
	max.connection.creation.rate = 2147483647
	max.connections = 2147483647
	max.connections.per.ip = 2147483647
	max.connections.per.ip.overrides = 
	max.incremental.fetch.session.cache.slots = 1000
	message.max.bytes = 1048588
	metadata.log.dir = null
	metadata.log.max.record.bytes.between.snapshots = 20971520
	metadata.log.segment.bytes = 1073741824
	metadata.log.segment.min.bytes = 8388608
	metadata.log.segment.ms = 604800000
	metadata.max.retention.bytes = -1
	metadata.max.retention.ms = 604800000
	metric.reporters = []
	metrics.num.samples = 2
	metrics.recording.level = INFO
	metrics.sample.window.ms = 30000
	min.insync.replicas = 1
	node.id = -1
	num.io.threads = 8
	num.network.threads = 3
	num.partitions = 1
	num.recovery.threads.per.data.dir = 1
	num.replica.alter.log.dirs.threads = null
	num.replica.fetchers = 1
	offset.metadata.max.bytes = 4096
	offsets.commit.required.acks = -1
	offsets.commit.timeout.ms = 5000
	offsets.load.buffer.size = 5242880
	offsets.retention.check.interval.ms = 600000
	offsets.retention.minutes = 10080
	offsets.topic.compression.codec = 0
	offsets.topic.num.partitions = 5
	offsets.topic.replication.factor = 1
	offsets.topic.segment.bytes = 104857600
	password.encoder.cipher.algorithm = AES/CBC/PKCS5Padding
	password.encoder.iterations = 4096
	password.encoder.key.length = 128
	password.encoder.keyfactory.algorithm = null
	password.encoder.old.secret = null
	password.encoder.secret = null
	principal.builder.class = class org.apache.kafka.common.security.authenticator.DefaultKafkaPrincipalBuilder
	process.roles = []
	producer.purgatory.purge.interval.requests = 1000
	queued.max.request.bytes = -1
	queued.max.requests = 500
	quota.window.num = 11
	quota.window.size.seconds = 1
	remote.log.index.file.cache.total.size.bytes = 1073741824
	remote.log.manager.task.interval.ms = 30000
	remote.log.manager.task.retry.backoff.max.ms = 30000
	remote.log.manager.task.retry.backoff.ms = 500
	remote.log.manager.task.retry.jitter = 0.2
	remote.log.manager.thread.pool.size = 10
	remote.log.metadata.manager.class.name = null
	remote.log.metadata.manager.class.path = null
	remote.log.metadata.manager.impl.prefix = null
	remote.log.metadata.manager.listener.name = null
	remote.log.reader.max.pending.tasks = 100
	remote.log.reader.threads = 10
	remote.log.storage.manager.class.name = null
	remote.log.storage.manager.class.path = null
	remote.log.storage.manager.impl.prefix = null
	remote.log.storage.system.enable = false
	replica.fetch.backoff.ms = 1000
	replica.fetch.max.bytes = 1048576
	replica.fetch.min.bytes = 1
	replica.fetch.response.max.bytes = 10485760
	replica.fetch.wait.max.ms = 500
	replica.high.watermark.checkpoint.interval.ms = 9223372036854775807
	replica.lag.time.max.ms = 30000
	replica.selector.class = null
	replica.socket.receive.buffer.bytes = 65536
	replica.socket.timeout.ms = 1000
	replication.quota.window.num = 11
	replication.quota.window.size.seconds = 1
	request.timeout.ms = 30000
	reserved.broker.max.id = 1000
	sasl.client.callback.handler.class = null
	sasl.enabled.mechanisms = [GSSAPI]
	sasl.jaas.config = null
	sasl.kerberos.kinit.cmd = /usr/bin/kinit
	sasl.kerberos.min.time.before.relogin = 60000
	sasl.kerberos.principal.to.local.rules = [DEFAULT]
	sasl.kerberos.service.name = null
	sasl.kerberos.ticket.renew.jitter = 0.05
	sasl.kerberos.ticket.renew.window.factor = 0.8
	sasl.login.callback.handler.class = null
	sasl.login.class = null
	sasl.login.refresh.buffer.seconds = 300
	sasl.login.refresh.min.period.seconds = 60
	sasl.login.refresh.window.factor = 0.8
	sasl.login.refresh.window.jitter = 0.05
	sasl.mechanism.controller.protocol = GSSAPI
	sasl.mechanism.inter.broker.protocol = GSSAPI
	sasl.server.callback.handler.class = null
	security.inter.broker.protocol = PLAINTEXT
	security.providers = null
	socket.connection.setup.timeout.max.ms = 30000
	socket.connection.setup.timeout.ms = 10000
	socket.receive.buffer.bytes = 102400
	socket.request.max.bytes = 104857600
	socket.send.buffer.bytes = 102400
	ssl.cipher.suites = []
	ssl.client.auth = none
	ssl.enabled.protocols = [TLSv1.2, TLSv1.3]
	ssl.endpoint.identification.algorithm = https
	ssl.engine.factory.class = null
	ssl.key.password = null
	ssl.keymanager.algorithm = SunX509
	ssl.keystore.certificate.chain = null
	ssl.keystore.key = null
	ssl.keystore.location = null
	ssl.keystore.password = null
	ssl.keystore.type = JKS
	ssl.principal.mapping.rules = DEFAULT
	ssl.protocol = TLSv1.3
	ssl.provider = null
	ssl.secure.random.implementation = null
	ssl.trustmanager.algorithm = PKIX
	ssl.truststore.certificates = null
	ssl.truststore.location = null
	ssl.truststore.password = null
	ssl.truststore.type = JKS
	transaction.abort.timed.out.transaction.cleanup.interval.ms = 10000
	transaction.max.timeout.ms = 900000
	transaction.remove.expired.transaction.cleanup.interval.ms = 3600000
	transaction.state.log.load.buffer.size = 5242880
	transaction.state.log.min.isr = 2
	transaction.state.log.num.partitions = 50
	transaction.state.log.replication.factor = 3
	transaction.state.log.segment.bytes = 104857600
	transactional.id.expiration.ms = 604800000
	unclean.leader.election.enable = false
	zookeeper.clientCnxnSocket = null
	zookeeper.connect = 127.0.0.1:61843
	zookeeper.connection.timeout.ms = 10000
	zookeeper.max.in.flight.requests = 10
	zookeeper.session.timeout.ms = 18000
	zookeeper.set.acl = false
	zookeeper.ssl.cipher.suites = null
	zookeeper.ssl.client.enable = false
	zookeeper.ssl.crl.enable = false
	zookeeper.ssl.enabled.protocols = null
	zookeeper.ssl.endpoint.identification.algorithm = HTTPS
	zookeeper.ssl.keystore.location = null
	zookeeper.ssl.keystore.password = null
	zookeeper.ssl.keystore.type = null
	zookeeper.ssl.ocsp.enable = false
	zookeeper.ssl.protocol = TLSv1.2
	zookeeper.ssl.truststore.location = null
	zookeeper.ssl.truststore.password = null
	zookeeper.ssl.truststore.type = null
	zookeeper.sync.time.ms = 2000

[Test worker] INFO org.apache.zookeeper.common.X509Util - Setting -D jdk.tls.rejectClientInitiatedRenegotiation=true to disable client-initiated TLS renegotiation
[Test worker] INFO kafka.server.KafkaServer - starting
[Test worker] INFO kafka.server.KafkaServer - Connecting to zookeeper on 127.0.0.1:61843
[Test worker] INFO kafka.zookeeper.ZooKeeperClient - [ZooKeeperClient Kafka server] Initializing a new session to 127.0.0.1:61843.
[Test worker] INFO org.apache.zookeeper.ZooKeeper - Client environment:zookeeper.version=3.6.3--6401e4ad2087061bc6b9f80dec2d69f2e3c8660a, built on 04/08/2021 16:35 GMT
[Test worker] INFO org.apache.zookeeper.ZooKeeper - Client environment:host.name=ip-192-168-1-42.ap-south-1.compute.internal
[Test worker] INFO org.apache.zookeeper.ZooKeeper - Client environment:java.version=17.0.7
[Test worker] INFO org.apache.zookeeper.ZooKeeper - Client environment:java.vendor=Microsoft
[Test worker] INFO org.apache.zookeeper.ZooKeeper - Client environment:java.home=C:\Program Files\Microsoft\jdk-17.0.7.7-hotspot
[Test worker] INFO org.apache.zookeeper.ZooKeeper - Client environment:java.class.path=C:\\Users\\allav\\.gradle\\caches\\7.3.2\\workerMain\\gradle-worker.jar;E:\\mybank\\shared\\event-publisher\\build\\classes\\java\\test;E:\\mybank\\shared\\event-publisher\\build\\resources\\test;E:\\mybank\\shared\\event-publisher\\build\\classes\\java\\main;E:\\mybank\\shared\\event-publisher\\build\\resources\\main;C:\\Users\\allav\\.gradle\\caches\\modules-2\\files-2.1\\com.fasterxml.jackson.datatype\\jackson-datatype-jsr310\\2.14.0\\171c5831341883b1cebbbf5aafba62c0fca33b95\\jackson-datatype-jsr310-2.14.0.jar;C:\\Users\\allav\\.gradle\\caches\\modules-2\\files-2.1\\org.springframework.kafka\\spring-kafka-test\\2.8.7\\32bc4c1071fc8bf649d06319afcd3c4d0058e517\\spring-kafka-test-2.8.7.jar;C:\\Users\\allav\\.gradle\\caches\\modules-2\\files-2.1\\org.apache.kafka\\kafka_2.13\\3.0.1\\cf82031f069c6b830cf7a5853c82caa0e6342100\\kafka_2.13-3.0.1.jar;C:\\Users\\allav\\.gradle\\caches\\modules-2\\files-2.1\\org.apache.kafka\\kafka_2.13\\3.0.1\\286f7a6bd9dfeffcb4eb37877a449f44da4f780d\\kafka_2.13-3.0.1-test.jar;C:\\Users\\allav\\.gradle\\caches\\modules-2\\files-2.1\\org.apache.kafka\\kafka-metadata\\3.0.1\\5e7fbd57be3c4a99b4adf2a982dbacbc245a2c74\\kafka-metadata-3.0.1.jar;C:\\Users\\allav\\.gradle\\caches\\modules-2\\files-2.1\\org.apache.kafka\\kafka-raft\\3.0.1\\ed02ae7707a2679653183c4cfbb0e8e2583a4e02\\kafka-raft-3.0.1.jar;C:\\Users\\allav\\.gradle\\caches\\modules-2\\files-2.1\\org.apache.kafka\\kafka-streams-test-utils\\3.0.1\\50401fbf3b82961dee00e532495c5297dbedd125\\kafka-streams-test-utils-3.0.1.jar;C:\\Users\\allav\\.gradle\\caches\\modules-2\\files-2.1\\org.apache.kafka\\kafka-streams\\3.0.1\\7708316a4d66c02d5072100ccbc6fa7cb3a09602\\kafka-streams-3.0.1.jar;C:\\Users\\allav\\.gradle\\caches\\modules-2\\files-2.1\\org.apache.kafka\\kafka-storage\\3.0.1\\cb8fce9e5e5867bf28c94611d69202485b20eb6f\\kafka-storage-3.0.1.jar;C:\\Users\\allav\\.gradle\\caches\\modules-2\\files-2.1\\com.fasterxml.jackson.datatype\\jackson-datatype-jdk8\\2.14.0\\6b8da24a0da4266ed7ddea7ea46594fd50900323\\jackson-datatype-jdk8-2.14.0.jar;C:\\Users\\allav\\.gradle\\caches\\modules-2\\files-2.1\\com.fasterxml.jackson.module\\jackson-module-scala_2.13\\2.14.0\\8ee8f7495114169d9d5d78f53e9536e1cdd49ce5\\jackson-module-scala_2.13-2.14.0.jar;C:\\Users\\allav\\.gradle\\caches\\modules-2\\files-2.1\\com.fasterxml.jackson.dataformat\\jackson-dataformat-csv\\2.14.0\\4a78abddf1bacd65bad81bb5c1e8bed491af99c6\\jackson-dataformat-csv-2.14.0.jar;C:\\Users\\allav\\.gradle\\caches\\modules-2\\files-2.1\\com.fasterxml.jackson.core\\jackson-databind\\2.14.0\\513b8ca3fea0352ceebe4d0bbeea527ab343dc1a\\jackson-databind-2.14.0.jar;C:\\Users\\allav\\.gradle\\caches\\modules-2\\files-2.1\\com.fasterxml.jackson.core\\jackson-core\\2.14.0\\49d219171d6af643e061e9e1baaaf6a6a067918d\\jackson-core-2.14.0.jar;C:\\Users\\allav\\.gradle\\caches\\modules-2\\files-2.1\\com.fasterxml.jackson.core\\jackson-annotations\\2.14.0\\fb7afb3c9c8ea363a9c88ea9c0a7177cf2fbd369\\jackson-annotations-2.14.0.jar;C:\\Users\\allav\\.gradle\\caches\\modules-2\\files-2.1\\org.springframework.kafka\\spring-kafka\\2.8.7\\b767af6592e93e0b1a8e34a405f820c778dc7bcf\\spring-kafka-2.8.7.jar;C:\\Users\\allav\\.gradle\\caches\\modules-2\\files-2.1\\org.junit.platform\\junit-platform-engine\\1.8.2\\b737de09f19864bd136805c84df7999a142fec29\\junit-platform-engine-1.8.2.jar;C:\\Users\\allav\\.gradle\\caches\\modules-2\\files-2.1\\org.junit.platform\\junit-platform-commons\\1.8.2\\32c8b8617c1342376fd5af2053da6410d8866861\\junit-platform-commons-1.8.2.jar;C:\\Users\\allav\\.gradle\\caches\\modules-2\\files-2.1\\org.springframework.boot\\spring-boot-starter-test\\2.7.5\\f52fd19eda97bb76bb304f4734c3d654ecca0666\\spring-boot-starter-test-2.7.5.jar;C:\\Users\\allav\\.gradle\\caches\\modules-2\\files-2.1\\org.junit.jupiter\\junit-jupiter\\5.8.2\\5a817b1e63f1217e5c586090c45e681281f097ad\\junit-jupiter-5.8.2.jar;C:\\Users\\allav\\.gradle\\caches\\modules-2\\files-2.1\\org.junit.jupiter\\junit-jupiter-params\\5.8.2\\ddeafe92fc263f895bfb73ffeca7fd56e23c2cce\\junit-jupiter-params-5.8.2.jar;C:\\Users\\allav\\.gradle\\caches\\modules-2\\files-2.1\\org.junit.jupiter\\junit-jupiter-engine\\5.8.2\\c598b4328d2f397194d11df3b1648d68d7d990e3\\junit-jupiter-engine-5.8.2.jar;C:\\Users\\allav\\.gradle\\caches\\modules-2\\files-2.1\\org.mockito\\mockito-junit-jupiter\\4.5.1\\f81fb60bd69b3a6e5537ae23b883326f01632a61\\mockito-junit-jupiter-4.5.1.jar;C:\\Users\\allav\\.gradle\\caches\\modules-2\\files-2.1\\org.junit.jupiter\\junit-jupiter-api\\5.8.2\\4c21029217adf07e4c0d0c5e192b6bf610c94bdc\\junit-jupiter-api-5.8.2.jar;C:\\Users\\allav\\.gradle\\caches\\modules-2\\files-2.1\\org.assertj\\assertj-core\\3.22.0\\c300c0c6a24559f35fa0bd3a5472dc1edcd0111e\\assertj-core-3.22.0.jar;C:\\Users\\allav\\.gradle\\caches\\modules-2\\files-2.1\\org.slf4j\\slf4j-simple\\1.7.35\\af702fa1d9dc38844ef6a2d9482978f09ac9a1f9\\slf4j-simple-1.7.35.jar;C:\\Users\\allav\\.gradle\\caches\\modules-2\\files-2.1\\org.springframework.boot\\spring-boot-starter\\2.7.5\\c28e1546461803490588085345ba5d2897d232bc\\spring-boot-starter-2.7.5.jar;C:\\Users\\allav\\.gradle\\caches\\modules-2\\files-2.1\\org.springframework.boot\\spring-boot-test-autoconfigure\\2.7.5\\b01668d3ed2d5d9e56072108f04030cd2caceb0e\\spring-boot-test-autoconfigure-2.7.5.jar;C:\\Users\\allav\\.gradle\\caches\\modules-2\\files-2.1\\org.springframework.boot\\spring-boot-test\\2.7.5\\2db591bb7568aa41795d595cabf99ef837b860c0\\spring-boot-test-2.7.5.jar;C:\\Users\\allav\\.gradle\\caches\\modules-2\\files-2.1\\org.springframework.boot\\spring-boot-autoconfigure\\2.7.5\\96646e63a2296d0a3209383e81cdb8c87ab2f913\\spring-boot-autoconfigure-2.7.5.jar;C:\\Users\\allav\\.gradle\\caches\\modules-2\\files-2.1\\org.springframework.boot\\spring-boot\\2.7.5\\fd04e228e6e21b7ad13c10ae29afd31868d842e5\\spring-boot-2.7.5.jar;C:\\Users\\allav\\.gradle\\caches\\modules-2\\files-2.1\\org.springframework\\spring-context\\5.3.23\\530b36b2ce2c9e471c6a260c3f181bcd20325a58\\spring-context-5.3.23.jar;C:\\Users\\allav\\.gradle\\caches\\modules-2\\files-2.1\\org.springframework\\spring-aop\\5.3.23\\30d0034ba29178e98781d85f51a7eb709a628e9b\\spring-aop-5.3.23.jar;C:\\Users\\allav\\.gradle\\caches\\modules-2\\files-2.1\\org.springframework\\spring-messaging\\5.3.21\\2012d940f72c8d3ccb97e8bc99e642f522659374\\spring-messaging-5.3.21.jar;C:\\Users\\allav\\.gradle\\caches\\modules-2\\files-2.1\\org.springframework\\spring-tx\\5.3.21\\13f4f564024d2f85502c151942307c3ca851a4f7\\spring-tx-5.3.21.jar;C:\\Users\\allav\\.gradle\\caches\\modules-2\\files-2.1\\org.springframework\\spring-beans\\5.3.23\\3bdefbf6042ed742cbe16f27d2d14cca9096a606\\spring-beans-5.3.23.jar;C:\\Users\\allav\\.gradle\\caches\\modules-2\\files-2.1\\org.springframework\\spring-test\\5.3.23\\d8ef0b0c1a26cf5a62b4e1204717ce6c682e2641\\spring-test-5.3.23.jar;C:\\Users\\allav\\.gradle\\caches\\modules-2\\files-2.1\\org.springframework\\spring-expression\\5.3.23\\3a676bf4b9bc42bd37ab5ad264acb6ceb63397a2\\spring-expression-5.3.23.jar;C:\\Users\\allav\\.gradle\\caches\\modules-2\\files-2.1\\org.springframework\\spring-core\\5.3.23\\91407dc1106ea423c44150f3da1a0b4f8e25e5ca\\spring-core-5.3.23.jar;C:\\Users\\allav\\.gradle\\caches\\modules-2\\files-2.1\\org.springframework\\spring-jcl\\5.3.23\\3c7eb5fcca67b611065f73ff4325e398f8b051a3\\spring-jcl-5.3.23.jar;C:\\Users\\allav\\.gradle\\caches\\modules-2\\files-2.1\\org.springframework.retry\\spring-retry\\1.3.3\\13a6f4edb1f5a8956ec6aa867757e325bc98eee7\\spring-retry-1.3.3.jar;C:\\Users\\allav\\.gradle\\caches\\modules-2\\files-2.1\\org.apache.kafka\\kafka-server-common\\3.0.1\\3d19fc94a22425f84f32d3bd6beb6654517e4c71\\kafka-server-common-3.0.1.jar;C:\\Users\\allav\\.gradle\\caches\\modules-2\\files-2.1\\org.apache.kafka\\kafka-storage-api\\3.0.1\\c9f22ad76b145888b3f4b8bcdefa670ba80084b9\\kafka-storage-api-3.0.1.jar;C:\\Users\\allav\\.gradle\\caches\\modules-2\\files-2.1\\org.apache.kafka\\kafka-clients\\3.0.1\\8f931e45e96e952728d540829e5bde9d79fab172\\kafka-clients-3.0.1.jar;C:\\Users\\allav\\.gradle\\caches\\modules-2\\files-2.1\\org.apache.kafka\\kafka-clients\\3.0.1\\da500d6dfd3447f56df88dad8ab7ba801150fa4c\\kafka-clients-3.0.1-test.jar;C:\\Users\\allav\\.gradle\\caches\\modules-2\\files-2.1\\com.google.code.findbugs\\jsr305\\3.0.2\\25ea2e8b0c338a877313bd4672d3fe056ea78f0d\\jsr305-3.0.2.jar;C:\\Users\\allav\\.gradle\\caches\\modules-2\\files-2.1\\org.opentest4j\\opentest4j\\1.2.0\\28c11eb91f9b6d8e200631d46e20a7f407f2a046\\opentest4j-1.2.0.jar;C:\\Users\\allav\\.gradle\\caches\\modules-2\\files-2.1\\org.apache.zookeeper\\zookeeper\\3.6.3\\a6e74f826db85ff8c51c15ef0fa2ea0b462aef25\\zookeeper-3.6.3.jar;C:\\Users\\allav\\.gradle\\caches\\modules-2\\files-2.1\\com.jayway.jsonpath\\json-path\\2.7.0\\f9d7d9659f2694e61142046ff8a216c047f263e8\\json-path-2.7.0.jar;C:\\Users\\allav\\.gradle\\caches\\modules-2\\files-2.1\\com.yammer.metrics\\metrics-core\\2.2.0\\f82c035cfa786d3cbec362c38c22a5f5b1bc8724\\metrics-core-2.2.0.jar;C:\\Users\\allav\\.gradle\\caches\\modules-2\\files-2.1\\com.typesafe.scala-logging\\scala-logging_2.13\\3.9.3\\d97c3bcdcf6179e110af8ad2a64ca276843395c1\\scala-logging_2.13-3.9.3.jar;C:\\Users\\allav\\.gradle\\caches\\modules-2\\files-2.1\\io.dropwizard.metrics\\metrics-core\\4.1.12.1\\cb2f351bf4463751201f43bb99865235d5ba07ca\\metrics-core-4.1.12.1.jar;C:\\Users\\allav\\.gradle\\caches\\modules-2\\files-2.1\\org.springframework.boot\\spring-boot-starter-logging\\2.7.5\\61f4c53e35baa31a269bbeb7bb9d5e781448feef\\spring-boot-starter-logging-2.7.5.jar;C:\\Users\\allav\\.gradle\\caches\\modules-2\\files-2.1\\ch.qos.logback\\logback-classic\\1.2.11\\4741689214e9d1e8408b206506cbe76d1c6a7d60\\logback-classic-1.2.11.jar;C:\\Users\\allav\\.gradle\\caches\\modules-2\\files-2.1\\org.apache.logging.log4j\\log4j-to-slf4j\\2.17.2\\17dd0fae2747d9a28c67bc9534108823d2376b46\\log4j-to-slf4j-2.17.2.jar;C:\\Users\\allav\\.gradle\\caches\\modules-2\\files-2.1\\org.slf4j\\jul-to-slf4j\\1.7.36\\ed46d81cef9c412a88caef405b58f93a678ff2ca\\jul-to-slf4j-1.7.36.jar;C:\\Users\\allav\\.gradle\\caches\\modules-2\\files-2.1\\org.slf4j\\slf4j-api\\1.7.36\\6c62681a2f655b49963a5983b8b0950a6120ae14\\slf4j-api-1.7.36.jar;C:\\Users\\allav\\.gradle\\caches\\modules-2\\files-2.1\\jakarta.xml.bind\\jakarta.xml.bind-api\\2.3.3\\48e3b9cfc10752fba3521d6511f4165bea951801\\jakarta.xml.bind-api-2.3.3.jar;C:\\Users\\allav\\.gradle\\caches\\modules-2\\files-2.1\\org.hamcrest\\hamcrest\\2.2\\1820c0968dba3a11a1b30669bb1f01978a91dedc\\hamcrest-2.2.jar;C:\\Users\\allav\\.gradle\\caches\\modules-2\\files-2.1\\org.mockito\\mockito-core\\4.5.1\\ed456e623e5afc6f4cee3ae58144e5c45f3b3bf\\mockito-core-4.5.1.jar;C:\\Users\\allav\\.gradle\\caches\\modules-2\\files-2.1\\org.skyscreamer\\jsonassert\\1.5.1\\6d842d0faf4cf6725c509a5e5347d319ee0431c3\\jsonassert-1.5.1.jar;C:\\Users\\allav\\.gradle\\caches\\modules-2\\files-2.1\\org.xmlunit\\xmlunit-core\\2.9.0\\8959725d90eecfee28acd7110e2bb8460285d876\\xmlunit-core-2.9.0.jar;C:\\Users\\allav\\.gradle\\caches\\modules-2\\files-2.1\\com.github.luben\\zstd-jni\\1.5.0-2\\52fc9e353b4e84f8a87ebc9c5c59e58c91d5d23d\\zstd-jni-1.5.0-2.jar;C:\\Users\\allav\\.gradle\\caches\\modules-2\\files-2.1\\org.lz4\\lz4-java\\1.7.1\\c4d931ef8ad2c9c35d65b231a33e61428472d0da\\lz4-java-1.7.1.jar;C:\\Users\\allav\\.gradle\\caches\\modules-2\\files-2.1\\org.xerial.snappy\\snappy-java\\1.1.8.1\\d30aaf4d41d6ff0c760c8931d3b8dafc0293c91a\\snappy-java-1.1.8.1.jar;C:\\Users\\allav\\.gradle\\caches\\modules-2\\files-2.1\\org.apache.zookeeper\\zookeeper-jute\\3.6.3\\8990d19ec3db01f45f82d4011a11b085db66de05\\zookeeper-jute-3.6.3.jar;C:\\Users\\allav\\.gradle\\caches\\modules-2\\files-2.1\\org.apache.yetus\\audience-annotations\\0.5.0\\55762d3191a8d6610ef46d11e8cb70c7667342a3\\audience-annotations-0.5.0.jar;C:\\Users\\allav\\.gradle\\caches\\modules-2\\files-2.1\\io.netty\\netty-handler\\4.1.63.Final\\879a43c2325b08e92e8967218b6ddb0ed4b7a0d3\\netty-handler-4.1.63.Final.jar;C:\\Users\\allav\\.gradle\\caches\\modules-2\\files-2.1\\io.netty\\netty-transport-native-epoll\\4.1.63.Final\\65bdb6c40a76ef9c4269518614a1c4ef51051484\\netty-transport-native-epoll-4.1.63.Final.jar;C:\\Users\\allav\\.gradle\\caches\\modules-2\\files-2.1\\net.sourceforge.argparse4j\\argparse4j\\0.7.0\\6f0621d0c3888de39e0f06d01f37ba53a798e657\\argparse4j-0.7.0.jar;C:\\Users\\allav\\.gradle\\caches\\modules-2\\files-2.1\\net.sf.jopt-simple\\jopt-simple\\5.0.4\\4fdac2fbe92dfad86aa6e9301736f6b4342a3f5c\\jopt-simple-5.0.4.jar;C:\\Users\\allav\\.gradle\\caches\\modules-2\\files-2.1\\org.scala-lang.modules\\scala-collection-compat_2.13\\2.4.4\\9cb262981ba1fac1f25c0e7e2b285d536ec8923b\\scala-collection-compat_2.13-2.4.4.jar;C:\\Users\\allav\\.gradle\\caches\\modules-2\\files-2.1\\org.scala-lang.modules\\scala-java8-compat_2.13\\1.0.0\\8ffac68615b438933fe27506e755d790a68b8bab\\scala-java8-compat_2.13-1.0.0.jar;C:\\Users\\allav\\.gradle\\caches\\modules-2\\files-2.1\\org.scala-lang\\scala-reflect\\2.13.6\\bb523e56c63746a5752dece28fcd702c54fd3a11\\scala-reflect-2.13.6.jar;C:\\Users\\allav\\.gradle\\caches\\modules-2\\files-2.1\\commons-cli\\commons-cli\\1.4\\c51c00206bb913cd8612b24abd9fa98ae89719b1\\commons-cli-1.4.jar;C:\\Users\\allav\\.gradle\\caches\\modules-2\\files-2.1\\org.scala-lang\\scala-library\\2.13.10\\67c1afabaea9ba51321159e70a78515647e1b73d\\scala-library-2.13.10.jar;C:\\Users\\allav\\.gradle\\caches\\modules-2\\files-2.1\\jakarta.annotation\\jakarta.annotation-api\\1.3.5\\59eb84ee0d616332ff44aba065f3888cf002cd2d\\jakarta.annotation-api-1.3.5.jar;C:\\Users\\allav\\.gradle\\caches\\modules-2\\files-2.1\\org.yaml\\snakeyaml\\1.30\\8fde7fe2586328ac3c68db92045e1c8759125000\\snakeyaml-1.30.jar;C:\\Users\\allav\\.gradle\\caches\\modules-2\\files-2.1\\net.minidev\\json-smart\\2.4.7\\8d7f4c1530c07c54930935f3da85f48b83b3c109\\json-smart-2.4.7.jar;C:\\Users\\allav\\.gradle\\caches\\modules-2\\files-2.1\\jakarta.activation\\jakarta.activation-api\\1.2.2\\99f53adba383cb1bf7c3862844488574b559621f\\jakarta.activation-api-1.2.2.jar;C:\\Users\\allav\\.gradle\\caches\\modules-2\\files-2.1\\net.bytebuddy\\byte-buddy\\1.12.9\\424ded9ef3496b0d997ce066f2166a4f7ec7b07a\\byte-buddy-1.12.9.jar;C:\\Users\\allav\\.gradle\\caches\\modules-2\\files-2.1\\net.bytebuddy\\byte-buddy-agent\\1.12.9\\f58bf71d15e827fa47e9b37e63156b333e3389d3\\byte-buddy-agent-1.12.9.jar;C:\\Users\\allav\\.gradle\\caches\\modules-2\\files-2.1\\org.objenesis\\objenesis\\3.2\\7fadf57620c8b8abdf7519533e5527367cb51f09\\objenesis-3.2.jar;C:\\Users\\allav\\.gradle\\caches\\modules-2\\files-2.1\\com.vaadin.external.google\\android-json\\0.0.20131108.vaadin1\\fa26d351fe62a6a17f5cda1287c1c6110dec413f\\android-json-0.0.20131108.vaadin1.jar;C:\\Users\\allav\\.gradle\\caches\\modules-2\\files-2.1\\io.netty\\netty-codec\\4.1.63.Final\\d4d2fccea88c80e56d59ce1053c53df0f9f4f5db\\netty-codec-4.1.63.Final.jar;C:\\Users\\allav\\.gradle\\caches\\modules-2\\files-2.1\\io.netty\\netty-transport-native-unix-common\\4.1.63.Final\\85bd91382ec54b300ad3ff59efccbb4fccb22a88\\netty-transport-native-unix-common-4.1.63.Final.jar;C:\\Users\\allav\\.gradle\\caches\\modules-2\\files-2.1\\io.netty\\netty-transport\\4.1.63.Final\\9a8bbe1ba082c9434e6f524d3864a53f340f2df\\netty-transport-4.1.63.Final.jar;C:\\Users\\allav\\.gradle\\caches\\modules-2\\files-2.1\\io.netty\\netty-resolver\\4.1.63.Final\\d07cd47c101dfa655d6d5cc304d523742fd78ca8\\netty-resolver-4.1.63.Final.jar;C:\\Users\\allav\\.gradle\\caches\\modules-2\\files-2.1\\io.netty\\netty-buffer\\4.1.63.Final\\40028ce5ac7c43f1c9a1439f74637cad04013e23\\netty-buffer-4.1.63.Final.jar;C:\\Users\\allav\\.gradle\\caches\\modules-2\\files-2.1\\io.netty\\netty-common\\4.1.63.Final\\e1206b46384d4dcbecee2901f18ce65ecf02e8a4\\netty-common-4.1.63.Final.jar;C:\\Users\\allav\\.gradle\\caches\\modules-2\\files-2.1\\org.rocksdb\\rocksdbjni\\6.19.3\\54bb5df7d522a90b94f647b40d216e285f052a54\\rocksdbjni-6.19.3.jar;C:\\Users\\allav\\.gradle\\caches\\modules-2\\files-2.1\\net.minidev\\accessors-smart\\2.4.7\\3970cfc505e6657ca60f3aa57c849f6043000d7a\\accessors-smart-2.4.7.jar;C:\\Users\\allav\\.gradle\\caches\\modules-2\\files-2.1\\com.thoughtworks.paranamer\\paranamer\\2.8\\619eba74c19ccf1da8ebec97a2d7f8ba05773dd6\\paranamer-2.8.jar;C:\\Users\\allav\\.gradle\\caches\\modules-2\\files-2.1\\ch.qos.logback\\logback-core\\1.2.11\\a01230df5ca5c34540cdaa3ad5efb012f1f1f792\\logback-core-1.2.11.jar;C:\\Users\\allav\\.gradle\\caches\\modules-2\\files-2.1\\org.apache.logging.log4j\\log4j-api\\2.17.2\\f42d6afa111b4dec5d2aea0fe2197240749a4ea6\\log4j-api-2.17.2.jar;C:\\Users\\allav\\.gradle\\caches\\modules-2\\files-2.1\\org.ow2.asm\\asm\\9.1\\a99500cf6eea30535eeac6be73899d048f8d12a8\\asm-9.1.jar
[Test worker] INFO org.apache.zookeeper.ZooKeeper - Client environment:java.library.path=C:\Program Files\Microsoft\jdk-17.0.7.7-hotspot\bin;C:\WINDOWS\Sun\Java\bin;C:\WINDOWS\system32;C:\WINDOWS;C:\Program Files\Microsoft\jdk-17.0.7.7-hotspot\bin;C:\Program Files\Eclipse Adoptium\jdk-17.0.5.8-hotspot\bin;C:\Program Files\Eclipse Adoptium\jdk-11.0.14.101-hotspot\bin;C:\WINDOWS\system32;C:\WINDOWS;C:\WINDOWS\System32\Wbem;C:\WINDOWS\System32\WindowsPowerShell\v1.0\;C:\WINDOWS\System32\OpenSSH\;C:\Program Files\dotnet\;C:\Program Files\PuTTY\;C:\Program Files\Git\cmd;D:\Softwares;D:\Softwares\Scripts;C:\Users\allav\Downloads\gradle-7.5-bin\gradle-7.5\bin;C:\Users\allav\Downloads\apache-maven-3.8.6-bin\apache-maven-3.8.6\bin;C:\Program Files\Docker\Docker\resources\bin;C:\Users\allav\AppData\Local\Microsoft\WindowsApps;C:\Users\allav\AppData\Local\Pandoc\;D:\Softwares;D:\Softwares\Scripts;C:\Program Files\JetBrains\IntelliJ IDEA 2022.1.3\bin;;C:\Users\allav\Downloads\apache-maven-3.8.6-bin\apache-maven-3.8.6\bin;;.
[Test worker] INFO org.apache.zookeeper.ZooKeeper - Client environment:java.io.tmpdir=C:\Users\allav\AppData\Local\Temp\
[Test worker] INFO org.apache.zookeeper.ZooKeeper - Client environment:java.compiler=<NA>
[Test worker] INFO org.apache.zookeeper.ZooKeeper - Client environment:os.name=Windows 11
[Test worker] INFO org.apache.zookeeper.ZooKeeper - Client environment:os.arch=amd64
[Test worker] INFO org.apache.zookeeper.ZooKeeper - Client environment:os.version=10.0
[Test worker] INFO org.apache.zookeeper.ZooKeeper - Client environment:user.name=allav
[Test worker] INFO org.apache.zookeeper.ZooKeeper - Client environment:user.home=C:\Users\allav
[Test worker] INFO org.apache.zookeeper.ZooKeeper - Client environment:user.dir=E:\mybank\shared\event-publisher
[Test worker] INFO org.apache.zookeeper.ZooKeeper - Client environment:os.memory.free=28MB
[Test worker] INFO org.apache.zookeeper.ZooKeeper - Client environment:os.memory.max=512MB
[Test worker] INFO org.apache.zookeeper.ZooKeeper - Client environment:os.memory.total=50MB
[Test worker] INFO org.apache.zookeeper.ZooKeeper - Initiating client connection, connectString=127.0.0.1:61843 sessionTimeout=18000 watcher=kafka.zookeeper.ZooKeeperClient$ZooKeeperClientWatcher$@1735e1c4
[Test worker] INFO org.apache.zookeeper.ClientCnxnSocket - jute.maxbuffer value is 4194304 Bytes
[Test worker] INFO org.apache.zookeeper.ClientCnxn - zookeeper.request.timeout value is 0. feature enabled=false
[Test worker] INFO kafka.zookeeper.ZooKeeperClient - [ZooKeeperClient Kafka server] Waiting until connected.
[Test worker-SendThread(127.0.0.1:61843)] INFO org.apache.zookeeper.ClientCnxn - Opening socket connection to server kubernetes.docker.internal/127.0.0.1:61843.
[Test worker-SendThread(127.0.0.1:61843)] INFO org.apache.zookeeper.ClientCnxn - SASL config status: Will not attempt to authenticate using SASL (unknown error)
[Test worker-SendThread(127.0.0.1:61843)] INFO org.apache.zookeeper.ClientCnxn - Socket connection established, initiating session, client: /127.0.0.1:61844, server: kubernetes.docker.internal/127.0.0.1:61843
[SyncThread:0] INFO org.apache.zookeeper.server.persistence.FileTxnLog - Creating new log file: log.1
[SyncThread:0] INFO org.apache.zookeeper.audit.ZKAuditProvider - ZooKeeper audit is disabled.
[Test worker-SendThread(127.0.0.1:61843)] INFO org.apache.zookeeper.ClientCnxn - Session establishment complete on server kubernetes.docker.internal/127.0.0.1:61843, session id = 0x1005077ec160000, negotiated timeout = 16000
[Test worker] INFO kafka.zookeeper.ZooKeeperClient - [ZooKeeperClient Kafka server] Connected.
[feature-zk-node-event-process-thread] INFO kafka.server.FinalizedFeatureChangeListener$ChangeNotificationProcessorThread - [feature-zk-node-event-process-thread]: Starting
[feature-zk-node-event-process-thread] INFO kafka.server.FinalizedFeatureChangeListener - Feature ZK node at path: /feature does not exist
[feature-zk-node-event-process-thread] INFO kafka.server.FinalizedFeatureCache - Cleared cache
[Test worker] INFO kafka.server.KafkaServer - Cluster ID = lqjjyU0wSgyDIq9J7cT5CQ
[Test worker] WARN kafka.server.BrokerMetadataCheckpoint - No meta.properties file under dir C:\Users\allav\AppData\Local\Temp\spring.kafka.95ba9a7e-5c26-4bd0-8c4b-85842570a90f15587715420851388223\meta.properties
[Test worker] INFO kafka.server.KafkaConfig - KafkaConfig values: 
	advertised.listeners = null
	alter.config.policy.class.name = null
	alter.log.dirs.replication.quota.window.num = 11
	alter.log.dirs.replication.quota.window.size.seconds = 1
	authorizer.class.name = 
	auto.create.topics.enable = true
	auto.leader.rebalance.enable = true
	background.threads = 10
	broker.heartbeat.interval.ms = 2000
	broker.id = 0
	broker.id.generation.enable = true
	broker.rack = null
	broker.session.timeout.ms = 9000
	client.quota.callback.class = null
	compression.type = producer
	connection.failed.authentication.delay.ms = 100
	connections.max.idle.ms = 600000
	connections.max.reauth.ms = 0
	control.plane.listener.name = null
	controlled.shutdown.enable = false
	controlled.shutdown.max.retries = 3
	controlled.shutdown.retry.backoff.ms = 100
	controller.listener.names = null
	controller.quorum.append.linger.ms = 25
	controller.quorum.election.backoff.max.ms = 1000
	controller.quorum.election.timeout.ms = 1000
	controller.quorum.fetch.timeout.ms = 2000
	controller.quorum.request.timeout.ms = 2000
	controller.quorum.retry.backoff.ms = 20
	controller.quorum.voters = []
	controller.quota.window.num = 11
	controller.quota.window.size.seconds = 1
	controller.socket.timeout.ms = 1000
	create.topic.policy.class.name = null
	default.replication.factor = 1
	delegation.token.expiry.check.interval.ms = 3600000
	delegation.token.expiry.time.ms = 86400000
	delegation.token.master.key = null
	delegation.token.max.lifetime.ms = 604800000
	delegation.token.secret.key = null
	delete.records.purgatory.purge.interval.requests = 1
	delete.topic.enable = true
	fetch.max.bytes = 57671680
	fetch.purgatory.purge.interval.requests = 1000
	group.initial.rebalance.delay.ms = 0
	group.max.session.timeout.ms = 1800000
	group.max.size = 2147483647
	group.min.session.timeout.ms = 6000
	initial.broker.registration.timeout.ms = 60000
	inter.broker.listener.name = null
	inter.broker.protocol.version = 3.0-IV1
	kafka.metrics.polling.interval.secs = 10
	kafka.metrics.reporters = []
	leader.imbalance.check.interval.seconds = 300
	leader.imbalance.per.broker.percentage = 10
	listener.security.protocol.map = PLAINTEXT:PLAINTEXT,SSL:SSL,SASL_PLAINTEXT:SASL_PLAINTEXT,SASL_SSL:SASL_SSL
	listeners = PLAINTEXT://localhost:19094
	log.cleaner.backoff.ms = 15000
	log.cleaner.dedupe.buffer.size = 2097152
	log.cleaner.delete.retention.ms = 86400000
	log.cleaner.enable = true
	log.cleaner.io.buffer.load.factor = 0.9
	log.cleaner.io.buffer.size = 524288
	log.cleaner.io.max.bytes.per.second = 1.7976931348623157E308
	log.cleaner.max.compaction.lag.ms = 9223372036854775807
	log.cleaner.min.cleanable.ratio = 0.5
	log.cleaner.min.compaction.lag.ms = 0
	log.cleaner.threads = 1
	log.cleanup.policy = [delete]
	log.dir = C:\Users\allav\AppData\Local\Temp\spring.kafka.95ba9a7e-5c26-4bd0-8c4b-85842570a90f15587715420851388223
	log.dirs = null
	log.flush.interval.messages = 9223372036854775807
	log.flush.interval.ms = null
	log.flush.offset.checkpoint.interval.ms = 60000
	log.flush.scheduler.interval.ms = 9223372036854775807
	log.flush.start.offset.checkpoint.interval.ms = 60000
	log.index.interval.bytes = 4096
	log.index.size.max.bytes = 10485760
	log.message.downconversion.enable = true
	log.message.format.version = 3.0-IV1
	log.message.timestamp.difference.max.ms = 9223372036854775807
	log.message.timestamp.type = CreateTime
	log.preallocate = false
	log.retention.bytes = -1
	log.retention.check.interval.ms = 300000
	log.retention.hours = 168
	log.retention.minutes = null
	log.retention.ms = null
	log.roll.hours = 168
	log.roll.jitter.hours = 0
	log.roll.jitter.ms = null
	log.roll.ms = null
	log.segment.bytes = 1073741824
	log.segment.delete.delay.ms = 1000
	max.connection.creation.rate = 2147483647
	max.connections = 2147483647
	max.connections.per.ip = 2147483647
	max.connections.per.ip.overrides = 
	max.incremental.fetch.session.cache.slots = 1000
	message.max.bytes = 1048588
	metadata.log.dir = null
	metadata.log.max.record.bytes.between.snapshots = 20971520
	metadata.log.segment.bytes = 1073741824
	metadata.log.segment.min.bytes = 8388608
	metadata.log.segment.ms = 604800000
	metadata.max.retention.bytes = -1
	metadata.max.retention.ms = 604800000
	metric.reporters = []
	metrics.num.samples = 2
	metrics.recording.level = INFO
	metrics.sample.window.ms = 30000
	min.insync.replicas = 1
	node.id = -1
	num.io.threads = 8
	num.network.threads = 3
	num.partitions = 1
	num.recovery.threads.per.data.dir = 1
	num.replica.alter.log.dirs.threads = null
	num.replica.fetchers = 1
	offset.metadata.max.bytes = 4096
	offsets.commit.required.acks = -1
	offsets.commit.timeout.ms = 5000
	offsets.load.buffer.size = 5242880
	offsets.retention.check.interval.ms = 600000
	offsets.retention.minutes = 10080
	offsets.topic.compression.codec = 0
	offsets.topic.num.partitions = 5
	offsets.topic.replication.factor = 1
	offsets.topic.segment.bytes = 104857600
	password.encoder.cipher.algorithm = AES/CBC/PKCS5Padding
	password.encoder.iterations = 4096
	password.encoder.key.length = 128
	password.encoder.keyfactory.algorithm = null
	password.encoder.old.secret = null
	password.encoder.secret = null
	principal.builder.class = class org.apache.kafka.common.security.authenticator.DefaultKafkaPrincipalBuilder
	process.roles = []
	producer.purgatory.purge.interval.requests = 1000
	queued.max.request.bytes = -1
	queued.max.requests = 500
	quota.window.num = 11
	quota.window.size.seconds = 1
	remote.log.index.file.cache.total.size.bytes = 1073741824
	remote.log.manager.task.interval.ms = 30000
	remote.log.manager.task.retry.backoff.max.ms = 30000
	remote.log.manager.task.retry.backoff.ms = 500
	remote.log.manager.task.retry.jitter = 0.2
	remote.log.manager.thread.pool.size = 10
	remote.log.metadata.manager.class.name = null
	remote.log.metadata.manager.class.path = null
	remote.log.metadata.manager.impl.prefix = null
	remote.log.metadata.manager.listener.name = null
	remote.log.reader.max.pending.tasks = 100
	remote.log.reader.threads = 10
	remote.log.storage.manager.class.name = null
	remote.log.storage.manager.class.path = null
	remote.log.storage.manager.impl.prefix = null
	remote.log.storage.system.enable = false
	replica.fetch.backoff.ms = 1000
	replica.fetch.max.bytes = 1048576
	replica.fetch.min.bytes = 1
	replica.fetch.response.max.bytes = 10485760
	replica.fetch.wait.max.ms = 500
	replica.high.watermark.checkpoint.interval.ms = 9223372036854775807
	replica.lag.time.max.ms = 30000
	replica.selector.class = null
	replica.socket.receive.buffer.bytes = 65536
	replica.socket.timeout.ms = 1000
	replication.quota.window.num = 11
	replication.quota.window.size.seconds = 1
	request.timeout.ms = 30000
	reserved.broker.max.id = 1000
	sasl.client.callback.handler.class = null
	sasl.enabled.mechanisms = [GSSAPI]
	sasl.jaas.config = null
	sasl.kerberos.kinit.cmd = /usr/bin/kinit
	sasl.kerberos.min.time.before.relogin = 60000
	sasl.kerberos.principal.to.local.rules = [DEFAULT]
	sasl.kerberos.service.name = null
	sasl.kerberos.ticket.renew.jitter = 0.05
	sasl.kerberos.ticket.renew.window.factor = 0.8
	sasl.login.callback.handler.class = null
	sasl.login.class = null
	sasl.login.refresh.buffer.seconds = 300
	sasl.login.refresh.min.period.seconds = 60
	sasl.login.refresh.window.factor = 0.8
	sasl.login.refresh.window.jitter = 0.05
	sasl.mechanism.controller.protocol = GSSAPI
	sasl.mechanism.inter.broker.protocol = GSSAPI
	sasl.server.callback.handler.class = null
	security.inter.broker.protocol = PLAINTEXT
	security.providers = null
	socket.connection.setup.timeout.max.ms = 30000
	socket.connection.setup.timeout.ms = 10000
	socket.receive.buffer.bytes = 102400
	socket.request.max.bytes = 104857600
	socket.send.buffer.bytes = 102400
	ssl.cipher.suites = []
	ssl.client.auth = none
	ssl.enabled.protocols = [TLSv1.2, TLSv1.3]
	ssl.endpoint.identification.algorithm = https
	ssl.engine.factory.class = null
	ssl.key.password = null
	ssl.keymanager.algorithm = SunX509
	ssl.keystore.certificate.chain = null
	ssl.keystore.key = null
	ssl.keystore.location = null
	ssl.keystore.password = null
	ssl.keystore.type = JKS
	ssl.principal.mapping.rules = DEFAULT
	ssl.protocol = TLSv1.3
	ssl.provider = null
	ssl.secure.random.implementation = null
	ssl.trustmanager.algorithm = PKIX
	ssl.truststore.certificates = null
	ssl.truststore.location = null
	ssl.truststore.password = null
	ssl.truststore.type = JKS
	transaction.abort.timed.out.transaction.cleanup.interval.ms = 10000
	transaction.max.timeout.ms = 900000
	transaction.remove.expired.transaction.cleanup.interval.ms = 3600000
	transaction.state.log.load.buffer.size = 5242880
	transaction.state.log.min.isr = 2
	transaction.state.log.num.partitions = 50
	transaction.state.log.replication.factor = 3
	transaction.state.log.segment.bytes = 104857600
	transactional.id.expiration.ms = 604800000
	unclean.leader.election.enable = false
	zookeeper.clientCnxnSocket = null
	zookeeper.connect = 127.0.0.1:61843
	zookeeper.connection.timeout.ms = 10000
	zookeeper.max.in.flight.requests = 10
	zookeeper.session.timeout.ms = 18000
	zookeeper.set.acl = false
	zookeeper.ssl.cipher.suites = null
	zookeeper.ssl.client.enable = false
	zookeeper.ssl.crl.enable = false
	zookeeper.ssl.enabled.protocols = null
	zookeeper.ssl.endpoint.identification.algorithm = HTTPS
	zookeeper.ssl.keystore.location = null
	zookeeper.ssl.keystore.password = null
	zookeeper.ssl.keystore.type = null
	zookeeper.ssl.ocsp.enable = false
	zookeeper.ssl.protocol = TLSv1.2
	zookeeper.ssl.truststore.location = null
	zookeeper.ssl.truststore.password = null
	zookeeper.ssl.truststore.type = null
	zookeeper.sync.time.ms = 2000

[Test worker] INFO kafka.server.KafkaConfig - KafkaConfig values: 
	advertised.listeners = null
	alter.config.policy.class.name = null
	alter.log.dirs.replication.quota.window.num = 11
	alter.log.dirs.replication.quota.window.size.seconds = 1
	authorizer.class.name = 
	auto.create.topics.enable = true
	auto.leader.rebalance.enable = true
	background.threads = 10
	broker.heartbeat.interval.ms = 2000
	broker.id = 0
	broker.id.generation.enable = true
	broker.rack = null
	broker.session.timeout.ms = 9000
	client.quota.callback.class = null
	compression.type = producer
	connection.failed.authentication.delay.ms = 100
	connections.max.idle.ms = 600000
	connections.max.reauth.ms = 0
	control.plane.listener.name = null
	controlled.shutdown.enable = false
	controlled.shutdown.max.retries = 3
	controlled.shutdown.retry.backoff.ms = 100
	controller.listener.names = null
	controller.quorum.append.linger.ms = 25
	controller.quorum.election.backoff.max.ms = 1000
	controller.quorum.election.timeout.ms = 1000
	controller.quorum.fetch.timeout.ms = 2000
	controller.quorum.request.timeout.ms = 2000
	controller.quorum.retry.backoff.ms = 20
	controller.quorum.voters = []
	controller.quota.window.num = 11
	controller.quota.window.size.seconds = 1
	controller.socket.timeout.ms = 1000
	create.topic.policy.class.name = null
	default.replication.factor = 1
	delegation.token.expiry.check.interval.ms = 3600000
	delegation.token.expiry.time.ms = 86400000
	delegation.token.master.key = null
	delegation.token.max.lifetime.ms = 604800000
	delegation.token.secret.key = null
	delete.records.purgatory.purge.interval.requests = 1
	delete.topic.enable = true
	fetch.max.bytes = 57671680
	fetch.purgatory.purge.interval.requests = 1000
	group.initial.rebalance.delay.ms = 0
	group.max.session.timeout.ms = 1800000
	group.max.size = 2147483647
	group.min.session.timeout.ms = 6000
	initial.broker.registration.timeout.ms = 60000
	inter.broker.listener.name = null
	inter.broker.protocol.version = 3.0-IV1
	kafka.metrics.polling.interval.secs = 10
	kafka.metrics.reporters = []
	leader.imbalance.check.interval.seconds = 300
	leader.imbalance.per.broker.percentage = 10
	listener.security.protocol.map = PLAINTEXT:PLAINTEXT,SSL:SSL,SASL_PLAINTEXT:SASL_PLAINTEXT,SASL_SSL:SASL_SSL
	listeners = PLAINTEXT://localhost:19094
	log.cleaner.backoff.ms = 15000
	log.cleaner.dedupe.buffer.size = 2097152
	log.cleaner.delete.retention.ms = 86400000
	log.cleaner.enable = true
	log.cleaner.io.buffer.load.factor = 0.9
	log.cleaner.io.buffer.size = 524288
	log.cleaner.io.max.bytes.per.second = 1.7976931348623157E308
	log.cleaner.max.compaction.lag.ms = 9223372036854775807
	log.cleaner.min.cleanable.ratio = 0.5
	log.cleaner.min.compaction.lag.ms = 0
	log.cleaner.threads = 1
	log.cleanup.policy = [delete]
	log.dir = C:\Users\allav\AppData\Local\Temp\spring.kafka.95ba9a7e-5c26-4bd0-8c4b-85842570a90f15587715420851388223
	log.dirs = null
	log.flush.interval.messages = 9223372036854775807
	log.flush.interval.ms = null
	log.flush.offset.checkpoint.interval.ms = 60000
	log.flush.scheduler.interval.ms = 9223372036854775807
	log.flush.start.offset.checkpoint.interval.ms = 60000
	log.index.interval.bytes = 4096
	log.index.size.max.bytes = 10485760
	log.message.downconversion.enable = true
	log.message.format.version = 3.0-IV1
	log.message.timestamp.difference.max.ms = 9223372036854775807
	log.message.timestamp.type = CreateTime
	log.preallocate = false
	log.retention.bytes = -1
	log.retention.check.interval.ms = 300000
	log.retention.hours = 168
	log.retention.minutes = null
	log.retention.ms = null
	log.roll.hours = 168
	log.roll.jitter.hours = 0
	log.roll.jitter.ms = null
	log.roll.ms = null
	log.segment.bytes = 1073741824
	log.segment.delete.delay.ms = 1000
	max.connection.creation.rate = 2147483647
	max.connections = 2147483647
	max.connections.per.ip = 2147483647
	max.connections.per.ip.overrides = 
	max.incremental.fetch.session.cache.slots = 1000
	message.max.bytes = 1048588
	metadata.log.dir = null
	metadata.log.max.record.bytes.between.snapshots = 20971520
	metadata.log.segment.bytes = 1073741824
	metadata.log.segment.min.bytes = 8388608
	metadata.log.segment.ms = 604800000
	metadata.max.retention.bytes = -1
	metadata.max.retention.ms = 604800000
	metric.reporters = []
	metrics.num.samples = 2
	metrics.recording.level = INFO
	metrics.sample.window.ms = 30000
	min.insync.replicas = 1
	node.id = -1
	num.io.threads = 8
	num.network.threads = 3
	num.partitions = 1
	num.recovery.threads.per.data.dir = 1
	num.replica.alter.log.dirs.threads = null
	num.replica.fetchers = 1
	offset.metadata.max.bytes = 4096
	offsets.commit.required.acks = -1
	offsets.commit.timeout.ms = 5000
	offsets.load.buffer.size = 5242880
	offsets.retention.check.interval.ms = 600000
	offsets.retention.minutes = 10080
	offsets.topic.compression.codec = 0
	offsets.topic.num.partitions = 5
	offsets.topic.replication.factor = 1
	offsets.topic.segment.bytes = 104857600
	password.encoder.cipher.algorithm = AES/CBC/PKCS5Padding
	password.encoder.iterations = 4096
	password.encoder.key.length = 128
	password.encoder.keyfactory.algorithm = null
	password.encoder.old.secret = null
	password.encoder.secret = null
	principal.builder.class = class org.apache.kafka.common.security.authenticator.DefaultKafkaPrincipalBuilder
	process.roles = []
	producer.purgatory.purge.interval.requests = 1000
	queued.max.request.bytes = -1
	queued.max.requests = 500
	quota.window.num = 11
	quota.window.size.seconds = 1
	remote.log.index.file.cache.total.size.bytes = 1073741824
	remote.log.manager.task.interval.ms = 30000
	remote.log.manager.task.retry.backoff.max.ms = 30000
	remote.log.manager.task.retry.backoff.ms = 500
	remote.log.manager.task.retry.jitter = 0.2
	remote.log.manager.thread.pool.size = 10
	remote.log.metadata.manager.class.name = null
	remote.log.metadata.manager.class.path = null
	remote.log.metadata.manager.impl.prefix = null
	remote.log.metadata.manager.listener.name = null
	remote.log.reader.max.pending.tasks = 100
	remote.log.reader.threads = 10
	remote.log.storage.manager.class.name = null
	remote.log.storage.manager.class.path = null
	remote.log.storage.manager.impl.prefix = null
	remote.log.storage.system.enable = false
	replica.fetch.backoff.ms = 1000
	replica.fetch.max.bytes = 1048576
	replica.fetch.min.bytes = 1
	replica.fetch.response.max.bytes = 10485760
	replica.fetch.wait.max.ms = 500
	replica.high.watermark.checkpoint.interval.ms = 9223372036854775807
	replica.lag.time.max.ms = 30000
	replica.selector.class = null
	replica.socket.receive.buffer.bytes = 65536
	replica.socket.timeout.ms = 1000
	replication.quota.window.num = 11
	replication.quota.window.size.seconds = 1
	request.timeout.ms = 30000
	reserved.broker.max.id = 1000
	sasl.client.callback.handler.class = null
	sasl.enabled.mechanisms = [GSSAPI]
	sasl.jaas.config = null
	sasl.kerberos.kinit.cmd = /usr/bin/kinit
	sasl.kerberos.min.time.before.relogin = 60000
	sasl.kerberos.principal.to.local.rules = [DEFAULT]
	sasl.kerberos.service.name = null
	sasl.kerberos.ticket.renew.jitter = 0.05
	sasl.kerberos.ticket.renew.window.factor = 0.8
	sasl.login.callback.handler.class = null
	sasl.login.class = null
	sasl.login.refresh.buffer.seconds = 300
	sasl.login.refresh.min.period.seconds = 60
	sasl.login.refresh.window.factor = 0.8
	sasl.login.refresh.window.jitter = 0.05
	sasl.mechanism.controller.protocol = GSSAPI
	sasl.mechanism.inter.broker.protocol = GSSAPI
	sasl.server.callback.handler.class = null
	security.inter.broker.protocol = PLAINTEXT
	security.providers = null
	socket.connection.setup.timeout.max.ms = 30000
	socket.connection.setup.timeout.ms = 10000
	socket.receive.buffer.bytes = 102400
	socket.request.max.bytes = 104857600
	socket.send.buffer.bytes = 102400
	ssl.cipher.suites = []
	ssl.client.auth = none
	ssl.enabled.protocols = [TLSv1.2, TLSv1.3]
	ssl.endpoint.identification.algorithm = https
	ssl.engine.factory.class = null
	ssl.key.password = null
	ssl.keymanager.algorithm = SunX509
	ssl.keystore.certificate.chain = null
	ssl.keystore.key = null
	ssl.keystore.location = null
	ssl.keystore.password = null
	ssl.keystore.type = JKS
	ssl.principal.mapping.rules = DEFAULT
	ssl.protocol = TLSv1.3
	ssl.provider = null
	ssl.secure.random.implementation = null
	ssl.trustmanager.algorithm = PKIX
	ssl.truststore.certificates = null
	ssl.truststore.location = null
	ssl.truststore.password = null
	ssl.truststore.type = JKS
	transaction.abort.timed.out.transaction.cleanup.interval.ms = 10000
	transaction.max.timeout.ms = 900000
	transaction.remove.expired.transaction.cleanup.interval.ms = 3600000
	transaction.state.log.load.buffer.size = 5242880
	transaction.state.log.min.isr = 2
	transaction.state.log.num.partitions = 50
[...]
	at java.base/java.lang.reflect.Method.invoke(Method.java:568)
	at org.gradle.internal.dispatch.ReflectionDispatch.dispatch(ReflectionDispatch.java:36)
	at org.gradle.internal.dispatch.ReflectionDispatch.dispatch(ReflectionDispatch.java:24)
	at org.gradle.internal.dispatch.ContextClassLoaderDispatch.dispatch(ContextClassLoaderDispatch.java:33)
	at org.gradle.internal.dispatch.ProxyDispatchAdapter$DispatchingInvocationHandler.invoke(ProxyDispatchAdapter.java:94)
	at jdk.proxy2/jdk.proxy2.$Proxy5.stop(Unknown Source)
	at org.gradle.api.internal.tasks.testing.worker.TestWorker$3.run(TestWorker.java:193)
	at org.gradle.api.internal.tasks.testing.worker.TestWorker.executeAndMaintainThreadName(TestWorker.java:129)
	at org.gradle.api.internal.tasks.testing.worker.TestWorker.execute(TestWorker.java:100)
	at org.gradle.api.internal.tasks.testing.worker.TestWorker.execute(TestWorker.java:60)
	at org.gradle.process.internal.worker.child.ActionExecutionWorker.execute(ActionExecutionWorker.java:56)
	at org.gradle.process.internal.worker.child.SystemApplicationClassLoaderWorker.call(SystemApplicationClassLoaderWorker.java:133)
	at org.gradle.process.internal.worker.child.SystemApplicationClassLoaderWorker.call(SystemApplicationClassLoaderWorker.java:71)
	at worker.org.gradle.process.internal.worker.GradleWorkerMain.run(GradleWorkerMain.java:69)
	at worker.org.gradle.process.internal.worker.GradleWorkerMain.main(GradleWorkerMain.java:74)
[org.springframework.kafka.KafkaListenerEndpointContainer#0-0-C-1] INFO org.apache.kafka.clients.consumer.internals.ConsumerCoordinator - [Consumer clientId=consumer-group-1, groupId=group] Revoke previously assigned partitions audit-events-0
[org.springframework.kafka.KafkaListenerEndpointContainer#0-0-C-1] INFO org.springframework.kafka.listener.KafkaMessageListenerContainer - group: partitions revoked: [audit-events-0]
[org.springframework.kafka.KafkaListenerEndpointContainer#0-0-C-1] INFO org.apache.kafka.clients.consumer.internals.ConsumerCoordinator - [Consumer clientId=consumer-group-1, groupId=group] Member consumer-group-1-67cba808-36c6-4419-a6d4-4662a8bc7057 sending LeaveGroup request to coordinator localhost:19094 (id: 2147483647 rack: null) due to the consumer unsubscribed from all topics
[org.springframework.kafka.KafkaListenerEndpointContainer#0-0-C-1] INFO org.apache.kafka.clients.consumer.internals.ConsumerCoordinator - [Consumer clientId=consumer-group-1, groupId=group] Resetting generation due to: consumer pro-actively leaving the group
[org.springframework.kafka.KafkaListenerEndpointContainer#0-0-C-1] INFO org.apache.kafka.clients.consumer.internals.ConsumerCoordinator - [Consumer clientId=consumer-group-1, groupId=group] Request joining group due to: consumer pro-actively leaving the group
[org.springframework.kafka.KafkaListenerEndpointContainer#0-0-C-1] INFO org.apache.kafka.clients.consumer.KafkaConsumer - [Consumer clientId=consumer-group-1, groupId=group] Unsubscribed all topics or patterns and assigned partitions
[org.springframework.kafka.KafkaListenerEndpointContainer#0-0-C-1] INFO org.apache.kafka.clients.consumer.internals.ConsumerCoordinator - [Consumer clientId=consumer-group-1, groupId=group] Resetting generation due to: consumer pro-actively leaving the group
[org.springframework.kafka.KafkaListenerEndpointContainer#0-0-C-1] INFO org.apache.kafka.clients.consumer.internals.ConsumerCoordinator - [Consumer clientId=consumer-group-1, groupId=group] Request joining group due to: consumer pro-actively leaving the group
[data-plane-kafka-request-handler-0] INFO kafka.coordinator.group.GroupCoordinator - [GroupCoordinator 0]: Preparing to rebalance group group in state PreparingRebalance with old generation 1 (__consumer_offsets-2) (reason: Removing member consumer-group-1-67cba808-36c6-4419-a6d4-4662a8bc7057 on LeaveGroup)
[data-plane-kafka-request-handler-0] INFO kafka.coordinator.group.GroupCoordinator - [GroupCoordinator 0]: Group group with generation 2 is now empty (__consumer_offsets-2)
[data-plane-kafka-request-handler-0] INFO kafka.coordinator.group.GroupCoordinator - [GroupCoordinator 0]: Member MemberMetadata(memberId=consumer-group-1-67cba808-36c6-4419-a6d4-4662a8bc7057, groupInstanceId=None, clientId=consumer-group-1, clientHost=/127.0.0.1, sessionTimeoutMs=45000, rebalanceTimeoutMs=300000, supportedProtocols=List(range, cooperative-sticky)) has left group group through explicit `LeaveGroup` request
[org.springframework.kafka.KafkaListenerEndpointContainer#0-0-C-1] INFO org.apache.kafka.common.metrics.Metrics - Metrics scheduler closed
[org.springframework.kafka.KafkaListenerEndpointContainer#0-0-C-1] INFO org.apache.kafka.common.metrics.Metrics - Closing reporter org.apache.kafka.common.metrics.JmxReporter
[org.springframework.kafka.KafkaListenerEndpointContainer#0-0-C-1] INFO org.apache.kafka.common.metrics.Metrics - Metrics reporters closed
[org.springframework.kafka.KafkaListenerEndpointContainer#0-0-C-1] INFO org.apache.kafka.common.utils.AppInfoParser - App info kafka.consumer for consumer-group-1 unregistered
[org.springframework.kafka.KafkaListenerEndpointContainer#0-0-C-1] INFO org.springframework.kafka.listener.KafkaMessageListenerContainer - group: Consumer stopped
[Test worker] INFO org.apache.kafka.clients.producer.KafkaProducer - [Producer clientId=producer-1] Closing the Kafka producer with timeoutMillis = 30000 ms.
[Test worker] INFO org.apache.kafka.common.metrics.Metrics - Metrics scheduler closed
[Test worker] INFO org.apache.kafka.common.metrics.Metrics - Closing reporter org.apache.kafka.common.metrics.JmxReporter
[Test worker] INFO org.apache.kafka.common.metrics.Metrics - Metrics reporters closed
[Test worker] INFO org.apache.kafka.common.utils.AppInfoParser - App info kafka.producer for producer-1 unregistered
[Test worker] INFO kafka.server.KafkaServer - [KafkaServer id=0] shutting down
[Test worker] INFO kafka.common.ZkNodeChangeNotificationListener$ChangeEventProcessThread - [/config/changes-event-process-thread]: Shutting down
[Test worker] INFO kafka.common.ZkNodeChangeNotificationListener$ChangeEventProcessThread - [/config/changes-event-process-thread]: Shutdown completed
[/config/changes-event-process-thread] INFO kafka.common.ZkNodeChangeNotificationListener$ChangeEventProcessThread - [/config/changes-event-process-thread]: Stopped
[Test worker] INFO kafka.network.SocketServer - [SocketServer listenerType=ZK_BROKER, nodeId=0] Stopping socket server request processors
[Test worker] INFO kafka.network.SocketServer - [SocketServer listenerType=ZK_BROKER, nodeId=0] Stopped socket server request processors
[Test worker] INFO kafka.server.KafkaRequestHandlerPool - [data-plane Kafka Request Handler on Broker 0], shutting down
[Test worker] INFO kafka.server.KafkaRequestHandlerPool - [data-plane Kafka Request Handler on Broker 0], shut down completely
[Test worker] INFO kafka.server.DelayedOperationPurgatory$ExpiredOperationReaper - [ExpirationReaper-0-AlterAcls]: Shutting down
[Test worker] INFO kafka.server.DelayedOperationPurgatory$ExpiredOperationReaper - [ExpirationReaper-0-AlterAcls]: Shutdown completed
[ExpirationReaper-0-AlterAcls] INFO kafka.server.DelayedOperationPurgatory$ExpiredOperationReaper - [ExpirationReaper-0-AlterAcls]: Stopped
[Test worker] INFO kafka.server.KafkaApis - [KafkaApi-0] Shutdown complete.
[Test worker] INFO kafka.server.DelayedOperationPurgatory$ExpiredOperationReaper - [ExpirationReaper-0-topic]: Shutting down
[Test worker] INFO kafka.server.DelayedOperationPurgatory$ExpiredOperationReaper - [ExpirationReaper-0-topic]: Shutdown completed
[ExpirationReaper-0-topic] INFO kafka.server.DelayedOperationPurgatory$ExpiredOperationReaper - [ExpirationReaper-0-topic]: Stopped
[Test worker] INFO kafka.coordinator.transaction.TransactionCoordinator - [TransactionCoordinator id=0] Shutting down.
[Test worker] INFO kafka.coordinator.transaction.TransactionStateManager - [Transaction State Manager 0]: Shutdown complete
[Test worker] INFO kafka.coordinator.transaction.TransactionMarkerChannelManager - [Transaction Marker Channel Manager 0]: Shutting down
[TxnMarkerSenderThread-0] INFO kafka.coordinator.transaction.TransactionMarkerChannelManager - [Transaction Marker Channel Manager 0]: Stopped
[Test worker] INFO kafka.coordinator.transaction.TransactionMarkerChannelManager - [Transaction Marker Channel Manager 0]: Shutdown completed
[Test worker] INFO kafka.coordinator.transaction.TransactionCoordinator - [TransactionCoordinator id=0] Shutdown complete.
[Test worker] INFO kafka.coordinator.group.GroupCoordinator - [GroupCoordinator 0]: Shutting down.
[Test worker] INFO kafka.server.DelayedOperationPurgatory$ExpiredOperationReaper - [ExpirationReaper-0-Heartbeat]: Shutting down
[Test worker] INFO kafka.server.DelayedOperationPurgatory$ExpiredOperationReaper - [ExpirationReaper-0-Heartbeat]: Shutdown completed
[ExpirationReaper-0-Heartbeat] INFO kafka.server.DelayedOperationPurgatory$ExpiredOperationReaper - [ExpirationReaper-0-Heartbeat]: Stopped
[Test worker] INFO kafka.server.DelayedOperationPurgatory$ExpiredOperationReaper - [ExpirationReaper-0-Rebalance]: Shutting down
[Test worker] INFO kafka.server.DelayedOperationPurgatory$ExpiredOperationReaper - [ExpirationReaper-0-Rebalance]: Shutdown completed
[Test worker] INFO kafka.coordinator.group.GroupCoordinator - [GroupCoordinator 0]: Shutdown complete.
[Test worker] INFO kafka.server.ReplicaManager - [ReplicaManager broker=0] Shutting down
[Test worker] INFO kafka.server.ReplicaManager$LogDirFailureHandler - [LogDirFailureHandler]: Shutting down
[LogDirFailureHandler] INFO kafka.server.ReplicaManager$LogDirFailureHandler - [LogDirFailureHandler]: Stopped
[Test worker] INFO kafka.server.ReplicaManager$LogDirFailureHandler - [LogDirFailureHandler]: Shutdown completed
[ExpirationReaper-0-Rebalance] INFO kafka.server.DelayedOperationPurgatory$ExpiredOperationReaper - [ExpirationReaper-0-Rebalance]: Stopped
[Test worker] INFO kafka.server.ReplicaFetcherManager - [ReplicaFetcherManager on broker 0] shutting down
[Test worker] INFO kafka.server.ReplicaFetcherManager - [ReplicaFetcherManager on broker 0] shutdown completed
[Test worker] INFO kafka.server.ReplicaAlterLogDirsManager - [ReplicaAlterLogDirsManager on broker 0] shutting down
[Test worker] INFO kafka.server.ReplicaAlterLogDirsManager - [ReplicaAlterLogDirsManager on broker 0] shutdown completed
[Test worker] INFO kafka.server.DelayedOperationPurgatory$ExpiredOperationReaper - [ExpirationReaper-0-Fetch]: Shutting down
[ExpirationReaper-0-Fetch] INFO kafka.server.DelayedOperationPurgatory$ExpiredOperationReaper - [ExpirationReaper-0-Fetch]: Stopped
[Test worker] INFO kafka.server.DelayedOperationPurgatory$ExpiredOperationReaper - [ExpirationReaper-0-Fetch]: Shutdown completed
[Test worker] INFO kafka.server.DelayedOperationPurgatory$ExpiredOperationReaper - [ExpirationReaper-0-Produce]: Shutting down
[Test worker] INFO kafka.server.DelayedOperationPurgatory$ExpiredOperationReaper - [ExpirationReaper-0-Produce]: Shutdown completed
[ExpirationReaper-0-Produce] INFO kafka.server.DelayedOperationPurgatory$ExpiredOperationReaper - [ExpirationReaper-0-Produce]: Stopped
[Test worker] INFO kafka.server.DelayedOperationPurgatory$ExpiredOperationReaper - [ExpirationReaper-0-DeleteRecords]: Shutting down
[ExpirationReaper-0-DeleteRecords] INFO kafka.server.DelayedOperationPurgatory$ExpiredOperationReaper - [ExpirationReaper-0-DeleteRecords]: Stopped
[Test worker] INFO kafka.server.DelayedOperationPurgatory$ExpiredOperationReaper - [ExpirationReaper-0-DeleteRecords]: Shutdown completed
[Test worker] INFO kafka.server.DelayedOperationPurgatory$ExpiredOperationReaper - [ExpirationReaper-0-ElectLeader]: Shutting down
[ExpirationReaper-0-ElectLeader] INFO kafka.server.DelayedOperationPurgatory$ExpiredOperationReaper - [ExpirationReaper-0-ElectLeader]: Stopped
[Test worker] INFO kafka.server.DelayedOperationPurgatory$ExpiredOperationReaper - [ExpirationReaper-0-ElectLeader]: Shutdown completed
[Test worker] INFO kafka.server.ReplicaManager - [ReplicaManager broker=0] Shut down completely
[Test worker] INFO kafka.server.BrokerToControllerRequestThread - [BrokerToControllerChannelManager broker=0 name=alterIsr]: Shutting down
[BrokerToControllerChannelManager broker=0 name=alterIsr] INFO kafka.server.BrokerToControllerRequestThread - [BrokerToControllerChannelManager broker=0 name=alterIsr]: Stopped
[Test worker] INFO kafka.server.BrokerToControllerRequestThread - [BrokerToControllerChannelManager broker=0 name=alterIsr]: Shutdown completed
[Test worker] INFO kafka.server.BrokerToControllerChannelManagerImpl - Broker to controller channel manager for alterIsr shutdown
[Test worker] INFO kafka.server.BrokerToControllerRequestThread - [BrokerToControllerChannelManager broker=0 name=forwarding]: Shutting down
[BrokerToControllerChannelManager broker=0 name=forwarding] INFO kafka.server.BrokerToControllerRequestThread - [BrokerToControllerChannelManager broker=0 name=forwarding]: Stopped
[Test worker] INFO kafka.server.BrokerToControllerRequestThread - [BrokerToControllerChannelManager broker=0 name=forwarding]: Shutdown completed
[Test worker] INFO kafka.server.BrokerToControllerChannelManagerImpl - Broker to controller channel manager for forwarding shutdown
[Test worker] INFO kafka.log.LogManager - Shutting down.
[Test worker] INFO kafka.log.LogCleaner - Shutting down the log cleaner.
[Test worker] INFO kafka.log.LogCleaner - [kafka-log-cleaner-thread-0]: Shutting down
[kafka-log-cleaner-thread-0] INFO kafka.log.LogCleaner - [kafka-log-cleaner-thread-0]: Stopped
[Test worker] INFO kafka.log.LogCleaner - [kafka-log-cleaner-thread-0]: Shutdown completed
[pool-9-thread-1] INFO kafka.log.ProducerStateManager - [ProducerStateManager partition=audit-events-0] Wrote producer snapshot at offset 2 with 1 producer ids in 4 ms.
[pool-9-thread-1] INFO kafka.log.ProducerStateManager - [ProducerStateManager partition=__consumer_offsets-2] Wrote producer snapshot at offset 4 with 0 producer ids in 4 ms.
[Test worker] INFO kafka.log.LogManager - Shutdown complete.
[Test worker] INFO kafka.controller.ControllerEventManager$ControllerEventThread - [ControllerEventThread controllerId=0] Shutting down
[controller-event-thread] INFO kafka.controller.ControllerEventManager$ControllerEventThread - [ControllerEventThread controllerId=0] Stopped
[Test worker] INFO kafka.controller.ControllerEventManager$ControllerEventThread - [ControllerEventThread controllerId=0] Shutdown completed
[Test worker] INFO kafka.controller.ZkPartitionStateMachine - [PartitionStateMachine controllerId=0] Stopped partition state machine
[Test worker] INFO kafka.controller.ZkReplicaStateMachine - [ReplicaStateMachine controllerId=0] Stopped replica state machine
[Test worker] INFO kafka.controller.RequestSendThread - [RequestSendThread controllerId=0] Shutting down
[Controller-0-to-broker-0-send-thread] INFO kafka.controller.RequestSendThread - [RequestSendThread controllerId=0] Stopped
[Test worker] INFO kafka.controller.RequestSendThread - [RequestSendThread controllerId=0] Shutdown completed
[Test worker] INFO kafka.controller.KafkaController - [Controller id=0] Resigned
[Test worker] INFO kafka.server.FinalizedFeatureChangeListener$ChangeNotificationProcessorThread - [feature-zk-node-event-process-thread]: Shutting down
[feature-zk-node-event-process-thread] INFO kafka.server.FinalizedFeatureChangeListener$ChangeNotificationProcessorThread - [feature-zk-node-event-process-thread]: Stopped
[Test worker] INFO kafka.server.FinalizedFeatureChangeListener$ChangeNotificationProcessorThread - [feature-zk-node-event-process-thread]: Shutdown completed
[Test worker] INFO kafka.zookeeper.ZooKeeperClient - [ZooKeeperClient Kafka server] Closing.
[Test worker] INFO org.apache.zookeeper.ZooKeeper - Session: 0x1005077ec160000 closed
[Test worker-EventThread] INFO org.apache.zookeeper.ClientCnxn - EventThread shut down for session: 0x1005077ec160000
[Test worker] INFO kafka.zookeeper.ZooKeeperClient - [ZooKeeperClient Kafka server] Closed.
[Test worker] INFO kafka.server.ClientQuotaManager$ThrottledChannelReaper - [ThrottledChannelReaper-Fetch]: Shutting down
[ThrottledChannelReaper-Fetch] INFO kafka.server.ClientQuotaManager$ThrottledChannelReaper - [ThrottledChannelReaper-Fetch]: Stopped
[Test worker] INFO kafka.server.ClientQuotaManager$ThrottledChannelReaper - [ThrottledChannelReaper-Fetch]: Shutdown completed
[Test worker] INFO kafka.server.ClientQuotaManager$ThrottledChannelReaper - [ThrottledChannelReaper-Produce]: Shutting down
[ThrottledChannelReaper-Produce] INFO kafka.server.ClientQuotaManager$ThrottledChannelReaper - [ThrottledChannelReaper-Produce]: Stopped
[Test worker] INFO kafka.server.ClientQuotaManager$ThrottledChannelReaper - [ThrottledChannelReaper-Produce]: Shutdown completed
[Test worker] INFO kafka.server.ClientQuotaManager$ThrottledChannelReaper - [ThrottledChannelReaper-Request]: Shutting down
[Test worker] INFO kafka.server.ClientQuotaManager$ThrottledChannelReaper - [ThrottledChannelReaper-Request]: Shutdown completed
[Test worker] INFO kafka.server.ClientQuotaManager$ThrottledChannelReaper - [ThrottledChannelReaper-ControllerMutation]: Shutting down
[ThrottledChannelReaper-Request] INFO kafka.server.ClientQuotaManager$ThrottledChannelReaper - [ThrottledChannelReaper-Request]: Stopped
[Test worker] INFO kafka.server.ClientQuotaManager$ThrottledChannelReaper - [ThrottledChannelReaper-ControllerMutation]: Shutdown completed
[Test worker] INFO kafka.network.SocketServer - [SocketServer listenerType=ZK_BROKER, nodeId=0] Shutting down socket server
[ThrottledChannelReaper-ControllerMutation] INFO kafka.server.ClientQuotaManager$ThrottledChannelReaper - [ThrottledChannelReaper-ControllerMutation]: Stopped
[Test worker] INFO kafka.network.SocketServer - [SocketServer listenerType=ZK_BROKER, nodeId=0] Shutdown completed
[Test worker] INFO org.apache.kafka.common.metrics.Metrics - Metrics scheduler closed
[Test worker] INFO org.apache.kafka.common.metrics.Metrics - Closing reporter org.apache.kafka.common.metrics.JmxReporter
[Test worker] INFO org.apache.kafka.common.metrics.Metrics - Metrics reporters closed
[Test worker] INFO kafka.server.BrokerTopicStats - Broker and topic stats closed
[Test worker] INFO org.apache.kafka.common.utils.AppInfoParser - App info kafka.server for 0 unregistered
[Test worker] INFO kafka.server.KafkaServer - [KafkaServer id=0] shut down completed
[NIOServerCxnFactory.SelectorThread-0] INFO org.apache.zookeeper.server.NIOServerCnxnFactory - selector thread exitted run method
[NIOServerCxnFactory.AcceptThread:/127.0.0.1:0] INFO org.apache.zookeeper.server.NIOServerCnxnFactory - accept thread exitted run method
[NIOServerCxnFactory.SelectorThread-1] INFO org.apache.zookeeper.server.NIOServerCnxnFactory - selector thread exitted run method
[ConnnectionExpirer] INFO org.apache.zookeeper.server.NIOServerCnxnFactory - ConnnectionExpirerThread interrupted
[Test worker] INFO org.apache.zookeeper.server.ZooKeeperServer - shutting down
[Test worker] INFO org.apache.zookeeper.server.RequestThrottler - Shutting down
[RequestThrottler] INFO org.apache.zookeeper.server.RequestThrottler - Draining request throttler queue
[RequestThrottler] INFO org.apache.zookeeper.server.RequestThrottler - RequestThrottler shutdown. Dropped 0 requests
[Test worker] INFO org.apache.zookeeper.server.SessionTrackerImpl - Shutting down
[Test worker] INFO org.apache.zookeeper.server.PrepRequestProcessor - Shutting down
[Test worker] INFO org.apache.zookeeper.server.SyncRequestProcessor - Shutting down
[SyncThread:0] INFO org.apache.zookeeper.server.SyncRequestProcessor - SyncRequestProcessor exited!
[ProcessThread(sid:0 cport:61843):] INFO org.apache.zookeeper.server.PrepRequestProcessor - PrepRequestProcessor exited loop!
[Test worker] INFO org.apache.zookeeper.server.FinalRequestProcessor - shutdown of request processor complete
]]></system-err>
</testsuite>
